<!DOCTYPE html PUBLIC "-//W3C//DTD XHTML 1.1//EN" "http://www.w3.org/TR/xhtml11/DTD/xhtml11.dtd">
<html xmlns="http://www.w3.org/1999/xhtml"><head><title>TestNG Report</title><style type="text/css">table {margin-bottom:10px;border-collapse:collapse;empty-cells:show}th,td {border:1px solid #009;padding:.25em .5em}th {vertical-align:bottom}td {vertical-align:top}table a {font-weight:bold}.stripe td {background-color: #E6EBF9}.num {text-align:right}.passedodd td {background-color: #3F3}.passedeven td {background-color: #0A0}.skippedodd td {background-color: #DDD}.skippedeven td {background-color: #CCC}.failedodd td,.attn {background-color: #F33}.failedeven td,.stripe .attn {background-color: #D00}.stacktrace {white-space:pre;font-family:monospace}.totop {font-size:85%;text-align:center;border-bottom:2px solid #000}</style></head><body><table><tr><th>Test</th><th># Passed</th><th># Skipped</th><th># Failed</th><th>Time (ms)</th><th>Included Groups</th><th>Excluded Groups</th></tr><tr><th colspan="7">AutomationSuite</th></tr><tr><td><a href="#t0">Tests</a></td><td class="num">1</td><td class="num attn">37</td><td class="num">0</td><td class="num">208,072</td><td></td><td></td></tr></table><table><thead><tr><th>Class</th><th>Method</th><th>Start</th><th>Time (ms)</th></tr></thead><tbody><tr><th colspan="4">AutomationSuite</th></tr></tbody><tbody id="t0"><tr><th colspan="4">Tests &#8212; failed (configuration methods)</th></tr><tr class="failedeven"><td rowspan="1">TestCases.CRM.ACHRefund</td><td><a href="#m0">ExecutionStatusCheck</a></td><td rowspan="1">1468840447771</td><td rowspan="1">0</td></tr><tr class="failedodd"><td rowspan="1">TestCases.CRM.AccountCancellation</td><td><a href="#m1">ExecutionStatusCheck</a></td><td rowspan="1">1468840447287</td><td rowspan="1">0</td></tr><tr class="failedeven"><td rowspan="1">TestCases.CRM.CCRefund</td><td><a href="#m2">ExecutionStatusCheck</a></td><td rowspan="1">1468840447914</td><td rowspan="1">0</td></tr><tr class="failedodd"><td rowspan="1">TestCases.CRM.CheckRefund</td><td><a href="#m3">ExecutionStatusCheck</a></td><td rowspan="1">1468840447881</td><td rowspan="1">0</td></tr><tr class="failedeven"><td rowspan="1">TestCases.CRM.CreateTicket</td><td><a href="#m4">ExecutionStatusCheck</a></td><td rowspan="1">1468840448043</td><td rowspan="1">0</td></tr><tr class="failedodd"><td rowspan="1">TestCases.CRM.CustomerCredit</td><td><a href="#m5">ExecutionStatusCheck</a></td><td rowspan="1">1468840447332</td><td rowspan="1">0</td></tr><tr class="failedeven"><td rowspan="1">TestCases.CRM.DeliveryKeyStatus</td><td><a href="#m6">ExecutionStatusCheck</a></td><td rowspan="1">1468840447365</td><td rowspan="1">0</td></tr><tr class="failedodd"><td rowspan="1">TestCases.CRM.DonationOneTime</td><td><a href="#m7">ExecutionStatusCheck</a></td><td rowspan="1">1468840447398</td><td rowspan="1">0</td></tr><tr class="failedeven"><td rowspan="1">TestCases.CRM.DonationRecurring</td><td><a href="#m8">ExecutionStatusCheck</a></td><td rowspan="1">1468840447441</td><td rowspan="1">0</td></tr><tr class="failedodd"><td rowspan="1">TestCases.CRM.GiftCertificateByEmail</td><td><a href="#m9">ExecutionStatusCheck</a></td><td rowspan="1">1468840447474</td><td rowspan="1">0</td></tr><tr class="failedeven"><td rowspan="1">TestCases.CRM.GiftCertificateByHand</td><td><a href="#m10">ExecutionStatusCheck</a></td><td rowspan="1">1468840447511</td><td rowspan="1">0</td></tr><tr class="failedodd"><td rowspan="1">TestCases.CRM.LateCancel</td><td><a href="#m11">ExecutionStatusCheck</a></td><td rowspan="1">1468840447546</td><td rowspan="1">0</td></tr><tr class="failedeven"><td rowspan="1">TestCases.CRM.NSFACH</td><td><a href="#m12">ExecutionStatusCheck</a></td><td rowspan="1">1468840447737</td><td rowspan="1">0</td></tr><tr class="failedodd"><td rowspan="1">TestCases.CRM.NSFCheck</td><td><a href="#m13">ExecutionStatusCheck</a></td><td rowspan="1">1468840448108</td><td rowspan="1">0</td></tr><tr class="failedeven"><td rowspan="1">TestCases.CRM.OTPACHDecline</td><td><a href="#m14">ExecutionStatusCheck</a></td><td rowspan="1">1468840447661</td><td rowspan="1">0</td></tr><tr class="failedodd"><td rowspan="1">TestCases.CRM.OTPACHSuccess</td><td><a href="#m15">ExecutionStatusCheck</a></td><td rowspan="1">1468840447703</td><td rowspan="1">0</td></tr><tr class="failedeven"><td rowspan="1">TestCases.CRM.OTPCCDecline</td><td><a href="#m16">ExecutionStatusCheck</a></td><td rowspan="1">1468840447809</td><td rowspan="1">0</td></tr><tr class="failedodd"><td rowspan="1">TestCases.CRM.OTPCCSuccess</td><td><a href="#m17">ExecutionStatusCheck</a></td><td rowspan="1">1468840447848</td><td rowspan="1">0</td></tr><tr class="failedeven"><td rowspan="1">TestCases.CRM.OrderItemCredit</td><td><a href="#m18">ExecutionStatusCheck</a></td><td rowspan="1">1468840447593</td><td rowspan="1">0</td></tr><tr class="failedodd"><td rowspan="1">TestCases.CRM.OrderLevelCredit</td><td><a href="#m19">ExecutionStatusCheck</a></td><td rowspan="1">1468840447628</td><td rowspan="1">0</td></tr><tr class="failedeven"><td rowspan="1">TestCases.CRM.Reactivation</td><td><a href="#m20">ExecutionStatusCheck</a></td><td rowspan="1">1468840447946</td><td rowspan="1">0</td></tr><tr class="failedodd"><td rowspan="1">TestCases.CRM.VacationCancel</td><td><a href="#m21">ExecutionStatusCheck</a></td><td rowspan="1">1468840447978</td><td rowspan="1">0</td></tr><tr class="failedeven"><td rowspan="1">TestCases.CRM.VacationCreate</td><td><a href="#m22">ExecutionStatusCheck</a></td><td rowspan="1">1468840448011</td><td rowspan="1">0</td></tr><tr class="failedodd"><td rowspan="1">TestCases.Common.ConcurrentLoginSessionCheck</td><td><a href="#m23">ExecutionStatusCheck</a></td><td rowspan="1">1468840447175</td><td rowspan="1">0</td></tr><tr class="failedeven"><td rowspan="1">TestCases.Common.VerifyStaticLinks</td><td><a href="#m24">ExecutionStatusCheck</a></td><td rowspan="1">1468840446931</td><td rowspan="1">0</td></tr><tr class="failedodd"><td rowspan="1">TestCases.ERP.CheckDeposit</td><td><a href="#m25">ExecutionStatusCheck</a></td><td rowspan="1">1468840448075</td><td rowspan="1">0</td></tr><tr class="failedeven"><td rowspan="1">TestCases.Magento.AddSubscription</td><td><a href="#m26">ExecutionStatusCheck</a></td><td rowspan="1">1468840448140</td><td rowspan="1">0</td></tr><tr class="failedodd"><td rowspan="1">TestCases.Magento.Customization</td><td><a href="#m27">ExecutionStatusCheck</a></td><td rowspan="1">1468840448209</td><td rowspan="1">0</td></tr><tr class="failedeven"><td rowspan="1">TestCases.Magento.DeleteSubscription</td><td><a href="#m28">ExecutionStatusCheck</a></td><td rowspan="1">1468840448177</td><td rowspan="1">0</td></tr><tr class="failedodd"><td rowspan="1">TestCases.Magento.GuestDonateABox</td><td><a href="#m29">ExecutionStatusCheck</a></td><td rowspan="1">1468840448242</td><td rowspan="1">0</td></tr><tr class="failedeven"><td rowspan="1">TestCases.Magento.GuestGCPurchaseByEmail</td><td><a href="#m30">ExecutionStatusCheck</a></td><td rowspan="1">1468840448281</td><td rowspan="1">0</td></tr><tr class="failedodd"><td rowspan="1">TestCases.Magento.GuestGCPurchaseByHand</td><td><a href="#m31">ExecutionStatusCheck</a></td><td rowspan="1">1468840448317</td><td rowspan="1">0</td></tr><tr class="failedeven"><td rowspan="1">TestCases.Magento.Loginout</td><td><a href="#m32">ExecutionStatusCheck</a></td><td rowspan="1">1468840448354</td><td rowspan="1">0</td></tr><tr class="failedodd"><td rowspan="1">TestCases.Magento.SignupEmailConfirmationCheck</td><td><a href="#m33">ExecutionStatusCheck</a></td><td rowspan="1">1468840654532</td><td rowspan="1">0</td></tr><tr class="failedeven"><td rowspan="1">TestCases.Magento.UpdateBillingInfo</td><td><a href="#m34">ExecutionStatusCheck</a></td><td rowspan="1">1468840654716</td><td rowspan="1">0</td></tr><tr class="failedodd"><td rowspan="1">TestCases.SalesRep.SalesSignup</td><td><a href="#m35">ExecutionStatusCheck</a></td><td rowspan="1">1468840654824</td><td rowspan="1">0</td></tr><tr class="failedeven"><td rowspan="1">TestCases.SalesRep.UploadTR</td><td><a href="#m36">ExecutionStatusCheck</a></td><td rowspan="1">1468840654901</td><td rowspan="1">0</td></tr><tr><th colspan="4">Tests &#8212; skipped</th></tr><tr class="skippedeven"><td rowspan="1">TestCases.CRM.ACHRefund</td><td><a href="#m37">testACHRefund</a></td><td rowspan="1">1468840447808</td><td rowspan="1">0</td></tr><tr class="skippedodd"><td rowspan="1">TestCases.CRM.AccountCancellation</td><td><a href="#m38">testAccountCancellation</a></td><td rowspan="1">1468840447331</td><td rowspan="1">0</td></tr><tr class="skippedeven"><td rowspan="1">TestCases.CRM.CCRefund</td><td><a href="#m39">testCCRefund</a></td><td rowspan="1">1468840447946</td><td rowspan="1">0</td></tr><tr class="skippedodd"><td rowspan="1">TestCases.CRM.CheckRefund</td><td><a href="#m40">testCheckRefund</a></td><td rowspan="1">1468840447913</td><td rowspan="1">0</td></tr><tr class="skippedeven"><td rowspan="1">TestCases.CRM.CreateTicket</td><td><a href="#m41">testCreateTicket</a></td><td rowspan="1">1468840448075</td><td rowspan="1">0</td></tr><tr class="skippedodd"><td rowspan="1">TestCases.CRM.CustomerCredit</td><td><a href="#m42">testCustomerCredit</a></td><td rowspan="1">1468840447365</td><td rowspan="1">0</td></tr><tr class="skippedeven"><td rowspan="1">TestCases.CRM.DeliveryKeyStatus</td><td><a href="#m43">testDeliveryKeyStatus</a></td><td rowspan="1">1468840447398</td><td rowspan="1">0</td></tr><tr class="skippedodd"><td rowspan="1">TestCases.CRM.DonationOneTime</td><td><a href="#m44">testdonateonetime</a></td><td rowspan="1">1468840447440</td><td rowspan="1">1</td></tr><tr class="skippedeven"><td rowspan="1">TestCases.CRM.DonationRecurring</td><td><a href="#m45">testDonationRecurring</a></td><td rowspan="1">1468840447474</td><td rowspan="1">0</td></tr><tr class="skippedodd"><td rowspan="1">TestCases.CRM.GiftCertificateByEmail</td><td><a href="#m46">testGiftCertificateByEmail</a></td><td rowspan="1">1468840447510</td><td rowspan="1">0</td></tr><tr class="skippedeven"><td rowspan="1">TestCases.CRM.GiftCertificateByHand</td><td><a href="#m47">testGiftCertificateByHand</a></td><td rowspan="1">1468840447546</td><td rowspan="1">0</td></tr><tr class="skippedodd"><td rowspan="1">TestCases.CRM.LateCancel</td><td><a href="#m48">testLateCancel</a></td><td rowspan="1">1468840447593</td><td rowspan="1">0</td></tr><tr class="skippedeven"><td rowspan="1">TestCases.CRM.NSFACH</td><td><a href="#m49">testNSFACH</a></td><td rowspan="1">1468840447771</td><td rowspan="1">0</td></tr><tr class="skippedodd"><td rowspan="1">TestCases.CRM.NSFCheck</td><td><a href="#m50">testNSFCheck</a></td><td rowspan="1">1468840448139</td><td rowspan="1">0</td></tr><tr class="skippedeven"><td rowspan="1">TestCases.CRM.OTPACHDecline</td><td><a href="#m51">testOTPACHDecline</a></td><td rowspan="1">1468840447703</td><td rowspan="1">0</td></tr><tr class="skippedodd"><td rowspan="1">TestCases.CRM.OTPACHSuccess</td><td><a href="#m52">testOTPACHSuccess</a></td><td rowspan="1">1468840447736</td><td rowspan="1">0</td></tr><tr class="skippedeven"><td rowspan="1">TestCases.CRM.OTPCCDecline</td><td><a href="#m53">testOTPDecline</a></td><td rowspan="1">1468840447847</td><td rowspan="1">0</td></tr><tr class="skippedodd"><td rowspan="1">TestCases.CRM.OTPCCSuccess</td><td><a href="#m54">testOTPSuccess</a></td><td rowspan="1">1468840447881</td><td rowspan="1">0</td></tr><tr class="skippedeven"><td rowspan="1">TestCases.CRM.OrderItemCredit</td><td><a href="#m55">testOrderItemCredit</a></td><td rowspan="1">1468840447628</td><td rowspan="1">0</td></tr><tr class="skippedodd"><td rowspan="1">TestCases.CRM.OrderLevelCredit</td><td><a href="#m56">testOrderLevelCredit</a></td><td rowspan="1">1468840447661</td><td rowspan="1">0</td></tr><tr class="skippedeven"><td rowspan="1">TestCases.CRM.Reactivation</td><td><a href="#m57">testReactivation</a></td><td rowspan="1">1468840447978</td><td rowspan="1">0</td></tr><tr class="skippedodd"><td rowspan="1">TestCases.CRM.VacationCancel</td><td><a href="#m58">testVacationCancel</a></td><td rowspan="1">1468840448011</td><td rowspan="1">0</td></tr><tr class="skippedeven"><td rowspan="1">TestCases.CRM.VacationCreate</td><td><a href="#m59">testVacationCreate</a></td><td rowspan="1">1468840448042</td><td rowspan="1">0</td></tr><tr class="skippedodd"><td rowspan="1">TestCases.Common.ConcurrentLoginSessionCheck</td><td><a href="#m60">testConcurrentLoginSessionCheck</a></td><td rowspan="1">1468840447286</td><td rowspan="1">1</td></tr><tr class="skippedeven"><td rowspan="1">TestCases.Common.VerifyStaticLinks</td><td><a href="#m61">testVerifyStaticLinks</a></td><td rowspan="1">1468840447172</td><td rowspan="1">0</td></tr><tr class="skippedodd"><td rowspan="1">TestCases.ERP.CheckDeposit</td><td><a href="#m62">testCheckDeposit</a></td><td rowspan="1">1468840448108</td><td rowspan="1">0</td></tr><tr class="skippedeven"><td rowspan="1">TestCases.Magento.AddSubscription</td><td><a href="#m63">testAddSubscription</a></td><td rowspan="1">1468840448176</td><td rowspan="1">0</td></tr><tr class="skippedodd"><td rowspan="1">TestCases.Magento.Customization</td><td><a href="#m64">testCustomization</a></td><td rowspan="1">1468840448242</td><td rowspan="1">0</td></tr><tr class="skippedeven"><td rowspan="1">TestCases.Magento.DeleteSubscription</td><td><a href="#m65">testDeleteSubscription</a></td><td rowspan="1">1468840448209</td><td rowspan="1">0</td></tr><tr class="skippedodd"><td rowspan="1">TestCases.Magento.GuestDonateABox</td><td><a href="#m66">testGuestDAB</a></td><td rowspan="1">1468840448281</td><td rowspan="1">0</td></tr><tr class="skippedeven"><td rowspan="1">TestCases.Magento.GuestGCPurchaseByEmail</td><td><a href="#m67">testGuestGCPurchaseByEmail</a></td><td rowspan="1">1468840448317</td><td rowspan="1">0</td></tr><tr class="skippedodd"><td rowspan="1">TestCases.Magento.GuestGCPurchaseByHand</td><td><a href="#m68">testGuestGCPurchaseByHand</a></td><td rowspan="1">1468840448354</td><td rowspan="1">0</td></tr><tr class="skippedeven"><td rowspan="1">TestCases.Magento.Loginout</td><td><a href="#m69">testLoginout</a></td><td rowspan="1">1468840448387</td><td rowspan="1">0</td></tr><tr class="skippedodd"><td rowspan="1">TestCases.Magento.SignupEmailConfirmationCheck</td><td><a href="#m70">testSignupEmailConfirmationCheck</a></td><td rowspan="1">1468840654716</td><td rowspan="1">0</td></tr><tr class="skippedeven"><td rowspan="1">TestCases.Magento.UpdateBillingInfo</td><td><a href="#m71">testUpdateBillingInfo</a></td><td rowspan="1">1468840654824</td><td rowspan="1">0</td></tr><tr class="skippedodd"><td rowspan="1">TestCases.SalesRep.SalesSignup</td><td><a href="#m72">testSalesSignup</a></td><td rowspan="1">1468840654900</td><td rowspan="1">1</td></tr><tr class="skippedeven"><td rowspan="1">TestCases.SalesRep.UploadTR</td><td><a href="#m73">testUploadTR</a></td><td rowspan="1">1468840654992</td><td rowspan="1">0</td></tr><tr><th colspan="4">Tests &#8212; passed</th></tr><tr class="passedeven"><td rowspan="1">TestCases.Magento.Signup</td><td><a href="#m74">testSignup</a></td><td rowspan="1">1468840457262</td><td rowspan="1">197270</td></tr></tbody></table><h2>Tests</h2><h3 id="m0">TestCases.CRM.ACHRefund#ExecutionStatusCheck</h3><table class="result"><tr><th>Exception</th></tr><tr><td><div class="stacktrace">java.lang.Exception: TestCases.CRM.ACHRefund : Execution status is set to &apos;No&apos; in &apos;ExecutionChecker.xls&apos;
	at Operation.ExecutionStatusChecker.executetestcase(ExecutionStatusChecker.java:62)
	at TestCases.CRM.ACHRefund.ExecutionStatusCheck(ACHRefund.java:33)
	at sun.reflect.NativeMethodAccessorImpl.invoke0(Native Method)
	at sun.reflect.NativeMethodAccessorImpl.invoke(Unknown Source)
	at sun.reflect.DelegatingMethodAccessorImpl.invoke(Unknown Source)
	at java.lang.reflect.Method.invoke(Unknown Source)
	at org.testng.internal.MethodInvocationHelper.invokeMethod(MethodInvocationHelper.java:85)
	at org.testng.internal.Invoker.invokeConfigurationMethod(Invoker.java:510)
	at org.testng.internal.Invoker.invokeConfigurations(Invoker.java:211)
	at org.testng.internal.Invoker.invokeConfigurations(Invoker.java:138)
	at org.testng.internal.TestMethodWorker.invokeBeforeClassMethods(TestMethodWorker.java:170)
	at org.testng.internal.TestMethodWorker.run(TestMethodWorker.java:104)
	at org.testng.TestRunner.privateRun(TestRunner.java:774)
	at org.testng.TestRunner.run(TestRunner.java:624)
	at org.testng.SuiteRunner.runTest(SuiteRunner.java:359)
	at org.testng.SuiteRunner.runSequentially(SuiteRunner.java:354)
	at org.testng.SuiteRunner.privateRun(SuiteRunner.java:312)
	at org.testng.SuiteRunner.run(SuiteRunner.java:261)
	at org.testng.SuiteRunnerWorker.runSuite(SuiteRunnerWorker.java:52)
	at org.testng.SuiteRunnerWorker.run(SuiteRunnerWorker.java:86)
	at org.testng.TestNG.runSuitesSequentially(TestNG.java:1215)
	at org.testng.TestNG.runSuitesLocally(TestNG.java:1140)
	at org.testng.TestNG.run(TestNG.java:1048)
	at org.testng.TestNG.privateMain(TestNG.java:1355)
	at org.testng.TestNG.main(TestNG.java:1324)
</div></td></tr></table><p class="totop"><a href="#summary">back to summary</a></p><h3 id="m1">TestCases.CRM.AccountCancellation#ExecutionStatusCheck</h3><table class="result"><tr><th>Exception</th></tr><tr><td><div class="stacktrace">java.lang.Exception: TestCases.CRM.AccountCancellation : Execution status is set to &apos;No&apos; in &apos;ExecutionChecker.xls&apos;
	at Operation.ExecutionStatusChecker.executetestcase(ExecutionStatusChecker.java:62)
	at TestCases.CRM.AccountCancellation.ExecutionStatusCheck(AccountCancellation.java:28)
	at sun.reflect.NativeMethodAccessorImpl.invoke0(Native Method)
	at sun.reflect.NativeMethodAccessorImpl.invoke(Unknown Source)
	at sun.reflect.DelegatingMethodAccessorImpl.invoke(Unknown Source)
	at java.lang.reflect.Method.invoke(Unknown Source)
	at org.testng.internal.MethodInvocationHelper.invokeMethod(MethodInvocationHelper.java:85)
	at org.testng.internal.Invoker.invokeConfigurationMethod(Invoker.java:510)
	at org.testng.internal.Invoker.invokeConfigurations(Invoker.java:211)
	at org.testng.internal.Invoker.invokeConfigurations(Invoker.java:138)
	at org.testng.internal.TestMethodWorker.invokeBeforeClassMethods(TestMethodWorker.java:170)
	at org.testng.internal.TestMethodWorker.run(TestMethodWorker.java:104)
	at org.testng.TestRunner.privateRun(TestRunner.java:774)
	at org.testng.TestRunner.run(TestRunner.java:624)
	at org.testng.SuiteRunner.runTest(SuiteRunner.java:359)
	at org.testng.SuiteRunner.runSequentially(SuiteRunner.java:354)
	at org.testng.SuiteRunner.privateRun(SuiteRunner.java:312)
	at org.testng.SuiteRunner.run(SuiteRunner.java:261)
	at org.testng.SuiteRunnerWorker.runSuite(SuiteRunnerWorker.java:52)
	at org.testng.SuiteRunnerWorker.run(SuiteRunnerWorker.java:86)
	at org.testng.TestNG.runSuitesSequentially(TestNG.java:1215)
	at org.testng.TestNG.runSuitesLocally(TestNG.java:1140)
	at org.testng.TestNG.run(TestNG.java:1048)
	at org.testng.TestNG.privateMain(TestNG.java:1355)
	at org.testng.TestNG.main(TestNG.java:1324)
</div></td></tr></table><p class="totop"><a href="#summary">back to summary</a></p><h3 id="m2">TestCases.CRM.CCRefund#ExecutionStatusCheck</h3><table class="result"><tr><th>Exception</th></tr><tr><td><div class="stacktrace">java.lang.Exception: TestCases.CRM.CCRefund : Execution status is set to &apos;No&apos; in &apos;ExecutionChecker.xls&apos;
	at Operation.ExecutionStatusChecker.executetestcase(ExecutionStatusChecker.java:62)
	at TestCases.CRM.CCRefund.ExecutionStatusCheck(CCRefund.java:34)
	at sun.reflect.NativeMethodAccessorImpl.invoke0(Native Method)
	at sun.reflect.NativeMethodAccessorImpl.invoke(Unknown Source)
	at sun.reflect.DelegatingMethodAccessorImpl.invoke(Unknown Source)
	at java.lang.reflect.Method.invoke(Unknown Source)
	at org.testng.internal.MethodInvocationHelper.invokeMethod(MethodInvocationHelper.java:85)
	at org.testng.internal.Invoker.invokeConfigurationMethod(Invoker.java:510)
	at org.testng.internal.Invoker.invokeConfigurations(Invoker.java:211)
	at org.testng.internal.Invoker.invokeConfigurations(Invoker.java:138)
	at org.testng.internal.TestMethodWorker.invokeBeforeClassMethods(TestMethodWorker.java:170)
	at org.testng.internal.TestMethodWorker.run(TestMethodWorker.java:104)
	at org.testng.TestRunner.privateRun(TestRunner.java:774)
	at org.testng.TestRunner.run(TestRunner.java:624)
	at org.testng.SuiteRunner.runTest(SuiteRunner.java:359)
	at org.testng.SuiteRunner.runSequentially(SuiteRunner.java:354)
	at org.testng.SuiteRunner.privateRun(SuiteRunner.java:312)
	at org.testng.SuiteRunner.run(SuiteRunner.java:261)
	at org.testng.SuiteRunnerWorker.runSuite(SuiteRunnerWorker.java:52)
	at org.testng.SuiteRunnerWorker.run(SuiteRunnerWorker.java:86)
	at org.testng.TestNG.runSuitesSequentially(TestNG.java:1215)
	at org.testng.TestNG.runSuitesLocally(TestNG.java:1140)
	at org.testng.TestNG.run(TestNG.java:1048)
	at org.testng.TestNG.privateMain(TestNG.java:1355)
	at org.testng.TestNG.main(TestNG.java:1324)
</div></td></tr></table><p class="totop"><a href="#summary">back to summary</a></p><h3 id="m3">TestCases.CRM.CheckRefund#ExecutionStatusCheck</h3><table class="result"><tr><th>Exception</th></tr><tr><td><div class="stacktrace">java.lang.Exception: TestCases.CRM.CheckRefund : Execution status is set to &apos;No&apos; in &apos;ExecutionChecker.xls&apos;
	at Operation.ExecutionStatusChecker.executetestcase(ExecutionStatusChecker.java:62)
	at TestCases.CRM.CheckRefund.ExecutionStatusCheck(CheckRefund.java:31)
	at sun.reflect.NativeMethodAccessorImpl.invoke0(Native Method)
	at sun.reflect.NativeMethodAccessorImpl.invoke(Unknown Source)
	at sun.reflect.DelegatingMethodAccessorImpl.invoke(Unknown Source)
	at java.lang.reflect.Method.invoke(Unknown Source)
	at org.testng.internal.MethodInvocationHelper.invokeMethod(MethodInvocationHelper.java:85)
	at org.testng.internal.Invoker.invokeConfigurationMethod(Invoker.java:510)
	at org.testng.internal.Invoker.invokeConfigurations(Invoker.java:211)
	at org.testng.internal.Invoker.invokeConfigurations(Invoker.java:138)
	at org.testng.internal.TestMethodWorker.invokeBeforeClassMethods(TestMethodWorker.java:170)
	at org.testng.internal.TestMethodWorker.run(TestMethodWorker.java:104)
	at org.testng.TestRunner.privateRun(TestRunner.java:774)
	at org.testng.TestRunner.run(TestRunner.java:624)
	at org.testng.SuiteRunner.runTest(SuiteRunner.java:359)
	at org.testng.SuiteRunner.runSequentially(SuiteRunner.java:354)
	at org.testng.SuiteRunner.privateRun(SuiteRunner.java:312)
	at org.testng.SuiteRunner.run(SuiteRunner.java:261)
	at org.testng.SuiteRunnerWorker.runSuite(SuiteRunnerWorker.java:52)
	at org.testng.SuiteRunnerWorker.run(SuiteRunnerWorker.java:86)
	at org.testng.TestNG.runSuitesSequentially(TestNG.java:1215)
	at org.testng.TestNG.runSuitesLocally(TestNG.java:1140)
	at org.testng.TestNG.run(TestNG.java:1048)
	at org.testng.TestNG.privateMain(TestNG.java:1355)
	at org.testng.TestNG.main(TestNG.java:1324)
</div></td></tr></table><p class="totop"><a href="#summary">back to summary</a></p><h3 id="m4">TestCases.CRM.CreateTicket#ExecutionStatusCheck</h3><table class="result"><tr><th>Exception</th></tr><tr><td><div class="stacktrace">java.lang.Exception: TestCases.CRM.CreateTicket : Execution status is set to &apos;No&apos; in &apos;ExecutionChecker.xls&apos;
	at Operation.ExecutionStatusChecker.executetestcase(ExecutionStatusChecker.java:62)
	at TestCases.CRM.CreateTicket.ExecutionStatusCheck(CreateTicket.java:29)
	at sun.reflect.NativeMethodAccessorImpl.invoke0(Native Method)
	at sun.reflect.NativeMethodAccessorImpl.invoke(Unknown Source)
	at sun.reflect.DelegatingMethodAccessorImpl.invoke(Unknown Source)
	at java.lang.reflect.Method.invoke(Unknown Source)
	at org.testng.internal.MethodInvocationHelper.invokeMethod(MethodInvocationHelper.java:85)
	at org.testng.internal.Invoker.invokeConfigurationMethod(Invoker.java:510)
	at org.testng.internal.Invoker.invokeConfigurations(Invoker.java:211)
	at org.testng.internal.Invoker.invokeConfigurations(Invoker.java:138)
	at org.testng.internal.TestMethodWorker.invokeBeforeClassMethods(TestMethodWorker.java:170)
	at org.testng.internal.TestMethodWorker.run(TestMethodWorker.java:104)
	at org.testng.TestRunner.privateRun(TestRunner.java:774)
	at org.testng.TestRunner.run(TestRunner.java:624)
	at org.testng.SuiteRunner.runTest(SuiteRunner.java:359)
	at org.testng.SuiteRunner.runSequentially(SuiteRunner.java:354)
	at org.testng.SuiteRunner.privateRun(SuiteRunner.java:312)
	at org.testng.SuiteRunner.run(SuiteRunner.java:261)
	at org.testng.SuiteRunnerWorker.runSuite(SuiteRunnerWorker.java:52)
	at org.testng.SuiteRunnerWorker.run(SuiteRunnerWorker.java:86)
	at org.testng.TestNG.runSuitesSequentially(TestNG.java:1215)
	at org.testng.TestNG.runSuitesLocally(TestNG.java:1140)
	at org.testng.TestNG.run(TestNG.java:1048)
	at org.testng.TestNG.privateMain(TestNG.java:1355)
	at org.testng.TestNG.main(TestNG.java:1324)
</div></td></tr></table><p class="totop"><a href="#summary">back to summary</a></p><h3 id="m5">TestCases.CRM.CustomerCredit#ExecutionStatusCheck</h3><table class="result"><tr><th>Exception</th></tr><tr><td><div class="stacktrace">java.lang.Exception: TestCases.CRM.CustomerCredit : Execution status is set to &apos;No&apos; in &apos;ExecutionChecker.xls&apos;
	at Operation.ExecutionStatusChecker.executetestcase(ExecutionStatusChecker.java:62)
	at TestCases.CRM.CustomerCredit.ExecutionStatusCheck(CustomerCredit.java:28)
	at sun.reflect.NativeMethodAccessorImpl.invoke0(Native Method)
	at sun.reflect.NativeMethodAccessorImpl.invoke(Unknown Source)
	at sun.reflect.DelegatingMethodAccessorImpl.invoke(Unknown Source)
	at java.lang.reflect.Method.invoke(Unknown Source)
	at org.testng.internal.MethodInvocationHelper.invokeMethod(MethodInvocationHelper.java:85)
	at org.testng.internal.Invoker.invokeConfigurationMethod(Invoker.java:510)
	at org.testng.internal.Invoker.invokeConfigurations(Invoker.java:211)
	at org.testng.internal.Invoker.invokeConfigurations(Invoker.java:138)
	at org.testng.internal.TestMethodWorker.invokeBeforeClassMethods(TestMethodWorker.java:170)
	at org.testng.internal.TestMethodWorker.run(TestMethodWorker.java:104)
	at org.testng.TestRunner.privateRun(TestRunner.java:774)
	at org.testng.TestRunner.run(TestRunner.java:624)
	at org.testng.SuiteRunner.runTest(SuiteRunner.java:359)
	at org.testng.SuiteRunner.runSequentially(SuiteRunner.java:354)
	at org.testng.SuiteRunner.privateRun(SuiteRunner.java:312)
	at org.testng.SuiteRunner.run(SuiteRunner.java:261)
	at org.testng.SuiteRunnerWorker.runSuite(SuiteRunnerWorker.java:52)
	at org.testng.SuiteRunnerWorker.run(SuiteRunnerWorker.java:86)
	at org.testng.TestNG.runSuitesSequentially(TestNG.java:1215)
	at org.testng.TestNG.runSuitesLocally(TestNG.java:1140)
	at org.testng.TestNG.run(TestNG.java:1048)
	at org.testng.TestNG.privateMain(TestNG.java:1355)
	at org.testng.TestNG.main(TestNG.java:1324)
</div></td></tr></table><p class="totop"><a href="#summary">back to summary</a></p><h3 id="m6">TestCases.CRM.DeliveryKeyStatus#ExecutionStatusCheck</h3><table class="result"><tr><th>Exception</th></tr><tr><td><div class="stacktrace">java.lang.Exception: TestCases.CRM.DeliveryKeyStatus : Execution status is set to &apos;No&apos; in &apos;ExecutionChecker.xls&apos;
	at Operation.ExecutionStatusChecker.executetestcase(ExecutionStatusChecker.java:62)
	at TestCases.CRM.DeliveryKeyStatus.ExecutionStatusCheck(DeliveryKeyStatus.java:31)
	at sun.reflect.NativeMethodAccessorImpl.invoke0(Native Method)
	at sun.reflect.NativeMethodAccessorImpl.invoke(Unknown Source)
	at sun.reflect.DelegatingMethodAccessorImpl.invoke(Unknown Source)
	at java.lang.reflect.Method.invoke(Unknown Source)
	at org.testng.internal.MethodInvocationHelper.invokeMethod(MethodInvocationHelper.java:85)
	at org.testng.internal.Invoker.invokeConfigurationMethod(Invoker.java:510)
	at org.testng.internal.Invoker.invokeConfigurations(Invoker.java:211)
	at org.testng.internal.Invoker.invokeConfigurations(Invoker.java:138)
	at org.testng.internal.TestMethodWorker.invokeBeforeClassMethods(TestMethodWorker.java:170)
	at org.testng.internal.TestMethodWorker.run(TestMethodWorker.java:104)
	at org.testng.TestRunner.privateRun(TestRunner.java:774)
	at org.testng.TestRunner.run(TestRunner.java:624)
	at org.testng.SuiteRunner.runTest(SuiteRunner.java:359)
	at org.testng.SuiteRunner.runSequentially(SuiteRunner.java:354)
	at org.testng.SuiteRunner.privateRun(SuiteRunner.java:312)
	at org.testng.SuiteRunner.run(SuiteRunner.java:261)
	at org.testng.SuiteRunnerWorker.runSuite(SuiteRunnerWorker.java:52)
	at org.testng.SuiteRunnerWorker.run(SuiteRunnerWorker.java:86)
	at org.testng.TestNG.runSuitesSequentially(TestNG.java:1215)
	at org.testng.TestNG.runSuitesLocally(TestNG.java:1140)
	at org.testng.TestNG.run(TestNG.java:1048)
	at org.testng.TestNG.privateMain(TestNG.java:1355)
	at org.testng.TestNG.main(TestNG.java:1324)
</div></td></tr></table><p class="totop"><a href="#summary">back to summary</a></p><h3 id="m7">TestCases.CRM.DonationOneTime#ExecutionStatusCheck</h3><table class="result"><tr><th>Exception</th></tr><tr><td><div class="stacktrace">java.lang.Exception: TestCases.CRM.DonationOneTime : Execution status is set to &apos;No&apos; in &apos;ExecutionChecker.xls&apos;
	at Operation.ExecutionStatusChecker.executetestcase(ExecutionStatusChecker.java:62)
	at TestCases.CRM.DonationOneTime.ExecutionStatusCheck(DonationOneTime.java:29)
	at sun.reflect.NativeMethodAccessorImpl.invoke0(Native Method)
	at sun.reflect.NativeMethodAccessorImpl.invoke(Unknown Source)
	at sun.reflect.DelegatingMethodAccessorImpl.invoke(Unknown Source)
	at java.lang.reflect.Method.invoke(Unknown Source)
	at org.testng.internal.MethodInvocationHelper.invokeMethod(MethodInvocationHelper.java:85)
	at org.testng.internal.Invoker.invokeConfigurationMethod(Invoker.java:510)
	at org.testng.internal.Invoker.invokeConfigurations(Invoker.java:211)
	at org.testng.internal.Invoker.invokeConfigurations(Invoker.java:138)
	at org.testng.internal.TestMethodWorker.invokeBeforeClassMethods(TestMethodWorker.java:170)
	at org.testng.internal.TestMethodWorker.run(TestMethodWorker.java:104)
	at org.testng.TestRunner.privateRun(TestRunner.java:774)
	at org.testng.TestRunner.run(TestRunner.java:624)
	at org.testng.SuiteRunner.runTest(SuiteRunner.java:359)
	at org.testng.SuiteRunner.runSequentially(SuiteRunner.java:354)
	at org.testng.SuiteRunner.privateRun(SuiteRunner.java:312)
	at org.testng.SuiteRunner.run(SuiteRunner.java:261)
	at org.testng.SuiteRunnerWorker.runSuite(SuiteRunnerWorker.java:52)
	at org.testng.SuiteRunnerWorker.run(SuiteRunnerWorker.java:86)
	at org.testng.TestNG.runSuitesSequentially(TestNG.java:1215)
	at org.testng.TestNG.runSuitesLocally(TestNG.java:1140)
	at org.testng.TestNG.run(TestNG.java:1048)
	at org.testng.TestNG.privateMain(TestNG.java:1355)
	at org.testng.TestNG.main(TestNG.java:1324)
</div></td></tr></table><p class="totop"><a href="#summary">back to summary</a></p><h3 id="m8">TestCases.CRM.DonationRecurring#ExecutionStatusCheck</h3><table class="result"><tr><th>Exception</th></tr><tr><td><div class="stacktrace">java.lang.Exception: TestCases.CRM.DonationRecurring : Execution status is set to &apos;No&apos; in &apos;ExecutionChecker.xls&apos;
	at Operation.ExecutionStatusChecker.executetestcase(ExecutionStatusChecker.java:62)
	at TestCases.CRM.DonationRecurring.ExecutionStatusCheck(DonationRecurring.java:28)
	at sun.reflect.NativeMethodAccessorImpl.invoke0(Native Method)
	at sun.reflect.NativeMethodAccessorImpl.invoke(Unknown Source)
	at sun.reflect.DelegatingMethodAccessorImpl.invoke(Unknown Source)
	at java.lang.reflect.Method.invoke(Unknown Source)
	at org.testng.internal.MethodInvocationHelper.invokeMethod(MethodInvocationHelper.java:85)
	at org.testng.internal.Invoker.invokeConfigurationMethod(Invoker.java:510)
	at org.testng.internal.Invoker.invokeConfigurations(Invoker.java:211)
	at org.testng.internal.Invoker.invokeConfigurations(Invoker.java:138)
	at org.testng.internal.TestMethodWorker.invokeBeforeClassMethods(TestMethodWorker.java:170)
	at org.testng.internal.TestMethodWorker.run(TestMethodWorker.java:104)
	at org.testng.TestRunner.privateRun(TestRunner.java:774)
	at org.testng.TestRunner.run(TestRunner.java:624)
	at org.testng.SuiteRunner.runTest(SuiteRunner.java:359)
	at org.testng.SuiteRunner.runSequentially(SuiteRunner.java:354)
	at org.testng.SuiteRunner.privateRun(SuiteRunner.java:312)
	at org.testng.SuiteRunner.run(SuiteRunner.java:261)
	at org.testng.SuiteRunnerWorker.runSuite(SuiteRunnerWorker.java:52)
	at org.testng.SuiteRunnerWorker.run(SuiteRunnerWorker.java:86)
	at org.testng.TestNG.runSuitesSequentially(TestNG.java:1215)
	at org.testng.TestNG.runSuitesLocally(TestNG.java:1140)
	at org.testng.TestNG.run(TestNG.java:1048)
	at org.testng.TestNG.privateMain(TestNG.java:1355)
	at org.testng.TestNG.main(TestNG.java:1324)
</div></td></tr></table><p class="totop"><a href="#summary">back to summary</a></p><h3 id="m9">TestCases.CRM.GiftCertificateByEmail#ExecutionStatusCheck</h3><table class="result"><tr><th>Exception</th></tr><tr><td><div class="stacktrace">java.lang.Exception: TestCases.CRM.GiftCertificateByEmail : Execution status is set to &apos;No&apos; in &apos;ExecutionChecker.xls&apos;
	at Operation.ExecutionStatusChecker.executetestcase(ExecutionStatusChecker.java:62)
	at TestCases.CRM.GiftCertificateByEmail.ExecutionStatusCheck(GiftCertificateByEmail.java:28)
	at sun.reflect.NativeMethodAccessorImpl.invoke0(Native Method)
	at sun.reflect.NativeMethodAccessorImpl.invoke(Unknown Source)
	at sun.reflect.DelegatingMethodAccessorImpl.invoke(Unknown Source)
	at java.lang.reflect.Method.invoke(Unknown Source)
	at org.testng.internal.MethodInvocationHelper.invokeMethod(MethodInvocationHelper.java:85)
	at org.testng.internal.Invoker.invokeConfigurationMethod(Invoker.java:510)
	at org.testng.internal.Invoker.invokeConfigurations(Invoker.java:211)
	at org.testng.internal.Invoker.invokeConfigurations(Invoker.java:138)
	at org.testng.internal.TestMethodWorker.invokeBeforeClassMethods(TestMethodWorker.java:170)
	at org.testng.internal.TestMethodWorker.run(TestMethodWorker.java:104)
	at org.testng.TestRunner.privateRun(TestRunner.java:774)
	at org.testng.TestRunner.run(TestRunner.java:624)
	at org.testng.SuiteRunner.runTest(SuiteRunner.java:359)
	at org.testng.SuiteRunner.runSequentially(SuiteRunner.java:354)
	at org.testng.SuiteRunner.privateRun(SuiteRunner.java:312)
	at org.testng.SuiteRunner.run(SuiteRunner.java:261)
	at org.testng.SuiteRunnerWorker.runSuite(SuiteRunnerWorker.java:52)
	at org.testng.SuiteRunnerWorker.run(SuiteRunnerWorker.java:86)
	at org.testng.TestNG.runSuitesSequentially(TestNG.java:1215)
	at org.testng.TestNG.runSuitesLocally(TestNG.java:1140)
	at org.testng.TestNG.run(TestNG.java:1048)
	at org.testng.TestNG.privateMain(TestNG.java:1355)
	at org.testng.TestNG.main(TestNG.java:1324)
</div></td></tr></table><p class="totop"><a href="#summary">back to summary</a></p><h3 id="m10">TestCases.CRM.GiftCertificateByHand#ExecutionStatusCheck</h3><table class="result"><tr><th>Exception</th></tr><tr><td><div class="stacktrace">java.lang.Exception: TestCases.CRM.GiftCertificateByHand : Execution status is set to &apos;No&apos; in &apos;ExecutionChecker.xls&apos;
	at Operation.ExecutionStatusChecker.executetestcase(ExecutionStatusChecker.java:62)
	at TestCases.CRM.GiftCertificateByHand.ExecutionStatusCheck(GiftCertificateByHand.java:28)
	at sun.reflect.NativeMethodAccessorImpl.invoke0(Native Method)
	at sun.reflect.NativeMethodAccessorImpl.invoke(Unknown Source)
	at sun.reflect.DelegatingMethodAccessorImpl.invoke(Unknown Source)
	at java.lang.reflect.Method.invoke(Unknown Source)
	at org.testng.internal.MethodInvocationHelper.invokeMethod(MethodInvocationHelper.java:85)
	at org.testng.internal.Invoker.invokeConfigurationMethod(Invoker.java:510)
	at org.testng.internal.Invoker.invokeConfigurations(Invoker.java:211)
	at org.testng.internal.Invoker.invokeConfigurations(Invoker.java:138)
	at org.testng.internal.TestMethodWorker.invokeBeforeClassMethods(TestMethodWorker.java:170)
	at org.testng.internal.TestMethodWorker.run(TestMethodWorker.java:104)
	at org.testng.TestRunner.privateRun(TestRunner.java:774)
	at org.testng.TestRunner.run(TestRunner.java:624)
	at org.testng.SuiteRunner.runTest(SuiteRunner.java:359)
	at org.testng.SuiteRunner.runSequentially(SuiteRunner.java:354)
	at org.testng.SuiteRunner.privateRun(SuiteRunner.java:312)
	at org.testng.SuiteRunner.run(SuiteRunner.java:261)
	at org.testng.SuiteRunnerWorker.runSuite(SuiteRunnerWorker.java:52)
	at org.testng.SuiteRunnerWorker.run(SuiteRunnerWorker.java:86)
	at org.testng.TestNG.runSuitesSequentially(TestNG.java:1215)
	at org.testng.TestNG.runSuitesLocally(TestNG.java:1140)
	at org.testng.TestNG.run(TestNG.java:1048)
	at org.testng.TestNG.privateMain(TestNG.java:1355)
	at org.testng.TestNG.main(TestNG.java:1324)
</div></td></tr></table><p class="totop"><a href="#summary">back to summary</a></p><h3 id="m11">TestCases.CRM.LateCancel#ExecutionStatusCheck</h3><table class="result"><tr><th>Exception</th></tr><tr><td><div class="stacktrace">java.lang.Exception: TestCases.CRM.LateCancel : Execution status is set to &apos;No&apos; in &apos;ExecutionChecker.xls&apos;
	at Operation.ExecutionStatusChecker.executetestcase(ExecutionStatusChecker.java:62)
	at TestCases.CRM.LateCancel.ExecutionStatusCheck(LateCancel.java:28)
	at sun.reflect.NativeMethodAccessorImpl.invoke0(Native Method)
	at sun.reflect.NativeMethodAccessorImpl.invoke(Unknown Source)
	at sun.reflect.DelegatingMethodAccessorImpl.invoke(Unknown Source)
	at java.lang.reflect.Method.invoke(Unknown Source)
	at org.testng.internal.MethodInvocationHelper.invokeMethod(MethodInvocationHelper.java:85)
	at org.testng.internal.Invoker.invokeConfigurationMethod(Invoker.java:510)
	at org.testng.internal.Invoker.invokeConfigurations(Invoker.java:211)
	at org.testng.internal.Invoker.invokeConfigurations(Invoker.java:138)
	at org.testng.internal.TestMethodWorker.invokeBeforeClassMethods(TestMethodWorker.java:170)
	at org.testng.internal.TestMethodWorker.run(TestMethodWorker.java:104)
	at org.testng.TestRunner.privateRun(TestRunner.java:774)
	at org.testng.TestRunner.run(TestRunner.java:624)
	at org.testng.SuiteRunner.runTest(SuiteRunner.java:359)
	at org.testng.SuiteRunner.runSequentially(SuiteRunner.java:354)
	at org.testng.SuiteRunner.privateRun(SuiteRunner.java:312)
	at org.testng.SuiteRunner.run(SuiteRunner.java:261)
	at org.testng.SuiteRunnerWorker.runSuite(SuiteRunnerWorker.java:52)
	at org.testng.SuiteRunnerWorker.run(SuiteRunnerWorker.java:86)
	at org.testng.TestNG.runSuitesSequentially(TestNG.java:1215)
	at org.testng.TestNG.runSuitesLocally(TestNG.java:1140)
	at org.testng.TestNG.run(TestNG.java:1048)
	at org.testng.TestNG.privateMain(TestNG.java:1355)
	at org.testng.TestNG.main(TestNG.java:1324)
</div></td></tr></table><p class="totop"><a href="#summary">back to summary</a></p><h3 id="m12">TestCases.CRM.NSFACH#ExecutionStatusCheck</h3><table class="result"><tr><th>Exception</th></tr><tr><td><div class="stacktrace">java.lang.Exception: TestCases.CRM.NSFACH : Execution status is set to &apos;No&apos; in &apos;ExecutionChecker.xls&apos;
	at Operation.ExecutionStatusChecker.executetestcase(ExecutionStatusChecker.java:62)
	at TestCases.CRM.NSFACH.ExecutionStatusCheck(NSFACH.java:34)
	at sun.reflect.NativeMethodAccessorImpl.invoke0(Native Method)
	at sun.reflect.NativeMethodAccessorImpl.invoke(Unknown Source)
	at sun.reflect.DelegatingMethodAccessorImpl.invoke(Unknown Source)
	at java.lang.reflect.Method.invoke(Unknown Source)
	at org.testng.internal.MethodInvocationHelper.invokeMethod(MethodInvocationHelper.java:85)
	at org.testng.internal.Invoker.invokeConfigurationMethod(Invoker.java:510)
	at org.testng.internal.Invoker.invokeConfigurations(Invoker.java:211)
	at org.testng.internal.Invoker.invokeConfigurations(Invoker.java:138)
	at org.testng.internal.TestMethodWorker.invokeBeforeClassMethods(TestMethodWorker.java:170)
	at org.testng.internal.TestMethodWorker.run(TestMethodWorker.java:104)
	at org.testng.TestRunner.privateRun(TestRunner.java:774)
	at org.testng.TestRunner.run(TestRunner.java:624)
	at org.testng.SuiteRunner.runTest(SuiteRunner.java:359)
	at org.testng.SuiteRunner.runSequentially(SuiteRunner.java:354)
	at org.testng.SuiteRunner.privateRun(SuiteRunner.java:312)
	at org.testng.SuiteRunner.run(SuiteRunner.java:261)
	at org.testng.SuiteRunnerWorker.runSuite(SuiteRunnerWorker.java:52)
	at org.testng.SuiteRunnerWorker.run(SuiteRunnerWorker.java:86)
	at org.testng.TestNG.runSuitesSequentially(TestNG.java:1215)
	at org.testng.TestNG.runSuitesLocally(TestNG.java:1140)
	at org.testng.TestNG.run(TestNG.java:1048)
	at org.testng.TestNG.privateMain(TestNG.java:1355)
	at org.testng.TestNG.main(TestNG.java:1324)
</div></td></tr></table><p class="totop"><a href="#summary">back to summary</a></p><h3 id="m13">TestCases.CRM.NSFCheck#ExecutionStatusCheck</h3><table class="result"><tr><th>Exception</th></tr><tr><td><div class="stacktrace">java.lang.Exception: TestCases.CRM.NSFCheck : Execution status is set to &apos;No&apos; in &apos;ExecutionChecker.xls&apos;
	at Operation.ExecutionStatusChecker.executetestcase(ExecutionStatusChecker.java:62)
	at TestCases.CRM.NSFCheck.ExecutionStatusCheck(NSFCheck.java:35)
	at sun.reflect.NativeMethodAccessorImpl.invoke0(Native Method)
	at sun.reflect.NativeMethodAccessorImpl.invoke(Unknown Source)
	at sun.reflect.DelegatingMethodAccessorImpl.invoke(Unknown Source)
	at java.lang.reflect.Method.invoke(Unknown Source)
	at org.testng.internal.MethodInvocationHelper.invokeMethod(MethodInvocationHelper.java:85)
	at org.testng.internal.Invoker.invokeConfigurationMethod(Invoker.java:510)
	at org.testng.internal.Invoker.invokeConfigurations(Invoker.java:211)
	at org.testng.internal.Invoker.invokeConfigurations(Invoker.java:138)
	at org.testng.internal.TestMethodWorker.invokeBeforeClassMethods(TestMethodWorker.java:170)
	at org.testng.internal.TestMethodWorker.run(TestMethodWorker.java:104)
	at org.testng.TestRunner.privateRun(TestRunner.java:774)
	at org.testng.TestRunner.run(TestRunner.java:624)
	at org.testng.SuiteRunner.runTest(SuiteRunner.java:359)
	at org.testng.SuiteRunner.runSequentially(SuiteRunner.java:354)
	at org.testng.SuiteRunner.privateRun(SuiteRunner.java:312)
	at org.testng.SuiteRunner.run(SuiteRunner.java:261)
	at org.testng.SuiteRunnerWorker.runSuite(SuiteRunnerWorker.java:52)
	at org.testng.SuiteRunnerWorker.run(SuiteRunnerWorker.java:86)
	at org.testng.TestNG.runSuitesSequentially(TestNG.java:1215)
	at org.testng.TestNG.runSuitesLocally(TestNG.java:1140)
	at org.testng.TestNG.run(TestNG.java:1048)
	at org.testng.TestNG.privateMain(TestNG.java:1355)
	at org.testng.TestNG.main(TestNG.java:1324)
</div></td></tr></table><p class="totop"><a href="#summary">back to summary</a></p><h3 id="m14">TestCases.CRM.OTPACHDecline#ExecutionStatusCheck</h3><table class="result"><tr><th>Exception</th></tr><tr><td><div class="stacktrace">java.lang.Exception: TestCases.CRM.OTPACHDecline : Execution status is set to &apos;No&apos; in &apos;ExecutionChecker.xls&apos;
	at Operation.ExecutionStatusChecker.executetestcase(ExecutionStatusChecker.java:62)
	at TestCases.CRM.OTPACHDecline.ExecutionStatusCheck(OTPACHDecline.java:28)
	at sun.reflect.NativeMethodAccessorImpl.invoke0(Native Method)
	at sun.reflect.NativeMethodAccessorImpl.invoke(Unknown Source)
	at sun.reflect.DelegatingMethodAccessorImpl.invoke(Unknown Source)
	at java.lang.reflect.Method.invoke(Unknown Source)
	at org.testng.internal.MethodInvocationHelper.invokeMethod(MethodInvocationHelper.java:85)
	at org.testng.internal.Invoker.invokeConfigurationMethod(Invoker.java:510)
	at org.testng.internal.Invoker.invokeConfigurations(Invoker.java:211)
	at org.testng.internal.Invoker.invokeConfigurations(Invoker.java:138)
	at org.testng.internal.TestMethodWorker.invokeBeforeClassMethods(TestMethodWorker.java:170)
	at org.testng.internal.TestMethodWorker.run(TestMethodWorker.java:104)
	at org.testng.TestRunner.privateRun(TestRunner.java:774)
	at org.testng.TestRunner.run(TestRunner.java:624)
	at org.testng.SuiteRunner.runTest(SuiteRunner.java:359)
	at org.testng.SuiteRunner.runSequentially(SuiteRunner.java:354)
	at org.testng.SuiteRunner.privateRun(SuiteRunner.java:312)
	at org.testng.SuiteRunner.run(SuiteRunner.java:261)
	at org.testng.SuiteRunnerWorker.runSuite(SuiteRunnerWorker.java:52)
	at org.testng.SuiteRunnerWorker.run(SuiteRunnerWorker.java:86)
	at org.testng.TestNG.runSuitesSequentially(TestNG.java:1215)
	at org.testng.TestNG.runSuitesLocally(TestNG.java:1140)
	at org.testng.TestNG.run(TestNG.java:1048)
	at org.testng.TestNG.privateMain(TestNG.java:1355)
	at org.testng.TestNG.main(TestNG.java:1324)
</div></td></tr></table><p class="totop"><a href="#summary">back to summary</a></p><h3 id="m15">TestCases.CRM.OTPACHSuccess#ExecutionStatusCheck</h3><table class="result"><tr><th>Exception</th></tr><tr><td><div class="stacktrace">java.lang.Exception: TestCases.CRM.OTPACHSuccess : Execution status is set to &apos;No&apos; in &apos;ExecutionChecker.xls&apos;
	at Operation.ExecutionStatusChecker.executetestcase(ExecutionStatusChecker.java:62)
	at TestCases.CRM.OTPACHSuccess.ExecutionStatusCheck(OTPACHSuccess.java:29)
	at sun.reflect.NativeMethodAccessorImpl.invoke0(Native Method)
	at sun.reflect.NativeMethodAccessorImpl.invoke(Unknown Source)
	at sun.reflect.DelegatingMethodAccessorImpl.invoke(Unknown Source)
	at java.lang.reflect.Method.invoke(Unknown Source)
	at org.testng.internal.MethodInvocationHelper.invokeMethod(MethodInvocationHelper.java:85)
	at org.testng.internal.Invoker.invokeConfigurationMethod(Invoker.java:510)
	at org.testng.internal.Invoker.invokeConfigurations(Invoker.java:211)
	at org.testng.internal.Invoker.invokeConfigurations(Invoker.java:138)
	at org.testng.internal.TestMethodWorker.invokeBeforeClassMethods(TestMethodWorker.java:170)
	at org.testng.internal.TestMethodWorker.run(TestMethodWorker.java:104)
	at org.testng.TestRunner.privateRun(TestRunner.java:774)
	at org.testng.TestRunner.run(TestRunner.java:624)
	at org.testng.SuiteRunner.runTest(SuiteRunner.java:359)
	at org.testng.SuiteRunner.runSequentially(SuiteRunner.java:354)
	at org.testng.SuiteRunner.privateRun(SuiteRunner.java:312)
	at org.testng.SuiteRunner.run(SuiteRunner.java:261)
	at org.testng.SuiteRunnerWorker.runSuite(SuiteRunnerWorker.java:52)
	at org.testng.SuiteRunnerWorker.run(SuiteRunnerWorker.java:86)
	at org.testng.TestNG.runSuitesSequentially(TestNG.java:1215)
	at org.testng.TestNG.runSuitesLocally(TestNG.java:1140)
	at org.testng.TestNG.run(TestNG.java:1048)
	at org.testng.TestNG.privateMain(TestNG.java:1355)
	at org.testng.TestNG.main(TestNG.java:1324)
</div></td></tr></table><p class="totop"><a href="#summary">back to summary</a></p><h3 id="m16">TestCases.CRM.OTPCCDecline#ExecutionStatusCheck</h3><table class="result"><tr><th>Exception</th></tr><tr><td><div class="stacktrace">java.lang.Exception: TestCases.CRM.OTPCCDecline : Execution status is set to &apos;No&apos; in &apos;ExecutionChecker.xls&apos;
	at Operation.ExecutionStatusChecker.executetestcase(ExecutionStatusChecker.java:62)
	at TestCases.CRM.OTPCCDecline.ExecutionStatusCheck(OTPCCDecline.java:28)
	at sun.reflect.NativeMethodAccessorImpl.invoke0(Native Method)
	at sun.reflect.NativeMethodAccessorImpl.invoke(Unknown Source)
	at sun.reflect.DelegatingMethodAccessorImpl.invoke(Unknown Source)
	at java.lang.reflect.Method.invoke(Unknown Source)
	at org.testng.internal.MethodInvocationHelper.invokeMethod(MethodInvocationHelper.java:85)
	at org.testng.internal.Invoker.invokeConfigurationMethod(Invoker.java:510)
	at org.testng.internal.Invoker.invokeConfigurations(Invoker.java:211)
	at org.testng.internal.Invoker.invokeConfigurations(Invoker.java:138)
	at org.testng.internal.TestMethodWorker.invokeBeforeClassMethods(TestMethodWorker.java:170)
	at org.testng.internal.TestMethodWorker.run(TestMethodWorker.java:104)
	at org.testng.TestRunner.privateRun(TestRunner.java:774)
	at org.testng.TestRunner.run(TestRunner.java:624)
	at org.testng.SuiteRunner.runTest(SuiteRunner.java:359)
	at org.testng.SuiteRunner.runSequentially(SuiteRunner.java:354)
	at org.testng.SuiteRunner.privateRun(SuiteRunner.java:312)
	at org.testng.SuiteRunner.run(SuiteRunner.java:261)
	at org.testng.SuiteRunnerWorker.runSuite(SuiteRunnerWorker.java:52)
	at org.testng.SuiteRunnerWorker.run(SuiteRunnerWorker.java:86)
	at org.testng.TestNG.runSuitesSequentially(TestNG.java:1215)
	at org.testng.TestNG.runSuitesLocally(TestNG.java:1140)
	at org.testng.TestNG.run(TestNG.java:1048)
	at org.testng.TestNG.privateMain(TestNG.java:1355)
	at org.testng.TestNG.main(TestNG.java:1324)
</div></td></tr></table><p class="totop"><a href="#summary">back to summary</a></p><h3 id="m17">TestCases.CRM.OTPCCSuccess#ExecutionStatusCheck</h3><table class="result"><tr><th>Exception</th></tr><tr><td><div class="stacktrace">java.lang.Exception: TestCases.CRM.OTPCCSuccess : Execution status is set to &apos;No&apos; in &apos;ExecutionChecker.xls&apos;
	at Operation.ExecutionStatusChecker.executetestcase(ExecutionStatusChecker.java:62)
	at TestCases.CRM.OTPCCSuccess.ExecutionStatusCheck(OTPCCSuccess.java:29)
	at sun.reflect.NativeMethodAccessorImpl.invoke0(Native Method)
	at sun.reflect.NativeMethodAccessorImpl.invoke(Unknown Source)
	at sun.reflect.DelegatingMethodAccessorImpl.invoke(Unknown Source)
	at java.lang.reflect.Method.invoke(Unknown Source)
	at org.testng.internal.MethodInvocationHelper.invokeMethod(MethodInvocationHelper.java:85)
	at org.testng.internal.Invoker.invokeConfigurationMethod(Invoker.java:510)
	at org.testng.internal.Invoker.invokeConfigurations(Invoker.java:211)
	at org.testng.internal.Invoker.invokeConfigurations(Invoker.java:138)
	at org.testng.internal.TestMethodWorker.invokeBeforeClassMethods(TestMethodWorker.java:170)
	at org.testng.internal.TestMethodWorker.run(TestMethodWorker.java:104)
	at org.testng.TestRunner.privateRun(TestRunner.java:774)
	at org.testng.TestRunner.run(TestRunner.java:624)
	at org.testng.SuiteRunner.runTest(SuiteRunner.java:359)
	at org.testng.SuiteRunner.runSequentially(SuiteRunner.java:354)
	at org.testng.SuiteRunner.privateRun(SuiteRunner.java:312)
	at org.testng.SuiteRunner.run(SuiteRunner.java:261)
	at org.testng.SuiteRunnerWorker.runSuite(SuiteRunnerWorker.java:52)
	at org.testng.SuiteRunnerWorker.run(SuiteRunnerWorker.java:86)
	at org.testng.TestNG.runSuitesSequentially(TestNG.java:1215)
	at org.testng.TestNG.runSuitesLocally(TestNG.java:1140)
	at org.testng.TestNG.run(TestNG.java:1048)
	at org.testng.TestNG.privateMain(TestNG.java:1355)
	at org.testng.TestNG.main(TestNG.java:1324)
</div></td></tr></table><p class="totop"><a href="#summary">back to summary</a></p><h3 id="m18">TestCases.CRM.OrderItemCredit#ExecutionStatusCheck</h3><table class="result"><tr><th>Exception</th></tr><tr><td><div class="stacktrace">java.lang.Exception: TestCases.CRM.OrderItemCredit : Execution status is set to &apos;No&apos; in &apos;ExecutionChecker.xls&apos;
	at Operation.ExecutionStatusChecker.executetestcase(ExecutionStatusChecker.java:62)
	at TestCases.CRM.OrderItemCredit.ExecutionStatusCheck(OrderItemCredit.java:28)
	at sun.reflect.NativeMethodAccessorImpl.invoke0(Native Method)
	at sun.reflect.NativeMethodAccessorImpl.invoke(Unknown Source)
	at sun.reflect.DelegatingMethodAccessorImpl.invoke(Unknown Source)
	at java.lang.reflect.Method.invoke(Unknown Source)
	at org.testng.internal.MethodInvocationHelper.invokeMethod(MethodInvocationHelper.java:85)
	at org.testng.internal.Invoker.invokeConfigurationMethod(Invoker.java:510)
	at org.testng.internal.Invoker.invokeConfigurations(Invoker.java:211)
	at org.testng.internal.Invoker.invokeConfigurations(Invoker.java:138)
	at org.testng.internal.TestMethodWorker.invokeBeforeClassMethods(TestMethodWorker.java:170)
	at org.testng.internal.TestMethodWorker.run(TestMethodWorker.java:104)
	at org.testng.TestRunner.privateRun(TestRunner.java:774)
	at org.testng.TestRunner.run(TestRunner.java:624)
	at org.testng.SuiteRunner.runTest(SuiteRunner.java:359)
	at org.testng.SuiteRunner.runSequentially(SuiteRunner.java:354)
	at org.testng.SuiteRunner.privateRun(SuiteRunner.java:312)
	at org.testng.SuiteRunner.run(SuiteRunner.java:261)
	at org.testng.SuiteRunnerWorker.runSuite(SuiteRunnerWorker.java:52)
	at org.testng.SuiteRunnerWorker.run(SuiteRunnerWorker.java:86)
	at org.testng.TestNG.runSuitesSequentially(TestNG.java:1215)
	at org.testng.TestNG.runSuitesLocally(TestNG.java:1140)
	at org.testng.TestNG.run(TestNG.java:1048)
	at org.testng.TestNG.privateMain(TestNG.java:1355)
	at org.testng.TestNG.main(TestNG.java:1324)
</div></td></tr></table><p class="totop"><a href="#summary">back to summary</a></p><h3 id="m19">TestCases.CRM.OrderLevelCredit#ExecutionStatusCheck</h3><table class="result"><tr><th>Exception</th></tr><tr><td><div class="stacktrace">java.lang.Exception: TestCases.CRM.OrderLevelCredit : Execution status is set to &apos;No&apos; in &apos;ExecutionChecker.xls&apos;
	at Operation.ExecutionStatusChecker.executetestcase(ExecutionStatusChecker.java:62)
	at TestCases.CRM.OrderLevelCredit.ExecutionStatusCheck(OrderLevelCredit.java:28)
	at sun.reflect.NativeMethodAccessorImpl.invoke0(Native Method)
	at sun.reflect.NativeMethodAccessorImpl.invoke(Unknown Source)
	at sun.reflect.DelegatingMethodAccessorImpl.invoke(Unknown Source)
	at java.lang.reflect.Method.invoke(Unknown Source)
	at org.testng.internal.MethodInvocationHelper.invokeMethod(MethodInvocationHelper.java:85)
	at org.testng.internal.Invoker.invokeConfigurationMethod(Invoker.java:510)
	at org.testng.internal.Invoker.invokeConfigurations(Invoker.java:211)
	at org.testng.internal.Invoker.invokeConfigurations(Invoker.java:138)
	at org.testng.internal.TestMethodWorker.invokeBeforeClassMethods(TestMethodWorker.java:170)
	at org.testng.internal.TestMethodWorker.run(TestMethodWorker.java:104)
	at org.testng.TestRunner.privateRun(TestRunner.java:774)
	at org.testng.TestRunner.run(TestRunner.java:624)
	at org.testng.SuiteRunner.runTest(SuiteRunner.java:359)
	at org.testng.SuiteRunner.runSequentially(SuiteRunner.java:354)
	at org.testng.SuiteRunner.privateRun(SuiteRunner.java:312)
	at org.testng.SuiteRunner.run(SuiteRunner.java:261)
	at org.testng.SuiteRunnerWorker.runSuite(SuiteRunnerWorker.java:52)
	at org.testng.SuiteRunnerWorker.run(SuiteRunnerWorker.java:86)
	at org.testng.TestNG.runSuitesSequentially(TestNG.java:1215)
	at org.testng.TestNG.runSuitesLocally(TestNG.java:1140)
	at org.testng.TestNG.run(TestNG.java:1048)
	at org.testng.TestNG.privateMain(TestNG.java:1355)
	at org.testng.TestNG.main(TestNG.java:1324)
</div></td></tr></table><p class="totop"><a href="#summary">back to summary</a></p><h3 id="m20">TestCases.CRM.Reactivation#ExecutionStatusCheck</h3><table class="result"><tr><th>Exception</th></tr><tr><td><div class="stacktrace">java.lang.Exception: TestCases.CRM.Reactivation : Execution status is set to &apos;No&apos; in &apos;ExecutionChecker.xls&apos;
	at Operation.ExecutionStatusChecker.executetestcase(ExecutionStatusChecker.java:62)
	at TestCases.CRM.Reactivation.ExecutionStatusCheck(Reactivation.java:28)
	at sun.reflect.NativeMethodAccessorImpl.invoke0(Native Method)
	at sun.reflect.NativeMethodAccessorImpl.invoke(Unknown Source)
	at sun.reflect.DelegatingMethodAccessorImpl.invoke(Unknown Source)
	at java.lang.reflect.Method.invoke(Unknown Source)
	at org.testng.internal.MethodInvocationHelper.invokeMethod(MethodInvocationHelper.java:85)
	at org.testng.internal.Invoker.invokeConfigurationMethod(Invoker.java:510)
	at org.testng.internal.Invoker.invokeConfigurations(Invoker.java:211)
	at org.testng.internal.Invoker.invokeConfigurations(Invoker.java:138)
	at org.testng.internal.TestMethodWorker.invokeBeforeClassMethods(TestMethodWorker.java:170)
	at org.testng.internal.TestMethodWorker.run(TestMethodWorker.java:104)
	at org.testng.TestRunner.privateRun(TestRunner.java:774)
	at org.testng.TestRunner.run(TestRunner.java:624)
	at org.testng.SuiteRunner.runTest(SuiteRunner.java:359)
	at org.testng.SuiteRunner.runSequentially(SuiteRunner.java:354)
	at org.testng.SuiteRunner.privateRun(SuiteRunner.java:312)
	at org.testng.SuiteRunner.run(SuiteRunner.java:261)
	at org.testng.SuiteRunnerWorker.runSuite(SuiteRunnerWorker.java:52)
	at org.testng.SuiteRunnerWorker.run(SuiteRunnerWorker.java:86)
	at org.testng.TestNG.runSuitesSequentially(TestNG.java:1215)
	at org.testng.TestNG.runSuitesLocally(TestNG.java:1140)
	at org.testng.TestNG.run(TestNG.java:1048)
	at org.testng.TestNG.privateMain(TestNG.java:1355)
	at org.testng.TestNG.main(TestNG.java:1324)
</div></td></tr></table><p class="totop"><a href="#summary">back to summary</a></p><h3 id="m21">TestCases.CRM.VacationCancel#ExecutionStatusCheck</h3><table class="result"><tr><th>Exception</th></tr><tr><td><div class="stacktrace">java.lang.Exception: TestCases.CRM.VacationCancel : Execution status is set to &apos;No&apos; in &apos;ExecutionChecker.xls&apos;
	at Operation.ExecutionStatusChecker.executetestcase(ExecutionStatusChecker.java:62)
	at TestCases.CRM.VacationCancel.ExecutionStatusCheck(VacationCancel.java:27)
	at sun.reflect.NativeMethodAccessorImpl.invoke0(Native Method)
	at sun.reflect.NativeMethodAccessorImpl.invoke(Unknown Source)
	at sun.reflect.DelegatingMethodAccessorImpl.invoke(Unknown Source)
	at java.lang.reflect.Method.invoke(Unknown Source)
	at org.testng.internal.MethodInvocationHelper.invokeMethod(MethodInvocationHelper.java:85)
	at org.testng.internal.Invoker.invokeConfigurationMethod(Invoker.java:510)
	at org.testng.internal.Invoker.invokeConfigurations(Invoker.java:211)
	at org.testng.internal.Invoker.invokeConfigurations(Invoker.java:138)
	at org.testng.internal.TestMethodWorker.invokeBeforeClassMethods(TestMethodWorker.java:170)
	at org.testng.internal.TestMethodWorker.run(TestMethodWorker.java:104)
	at org.testng.TestRunner.privateRun(TestRunner.java:774)
	at org.testng.TestRunner.run(TestRunner.java:624)
	at org.testng.SuiteRunner.runTest(SuiteRunner.java:359)
	at org.testng.SuiteRunner.runSequentially(SuiteRunner.java:354)
	at org.testng.SuiteRunner.privateRun(SuiteRunner.java:312)
	at org.testng.SuiteRunner.run(SuiteRunner.java:261)
	at org.testng.SuiteRunnerWorker.runSuite(SuiteRunnerWorker.java:52)
	at org.testng.SuiteRunnerWorker.run(SuiteRunnerWorker.java:86)
	at org.testng.TestNG.runSuitesSequentially(TestNG.java:1215)
	at org.testng.TestNG.runSuitesLocally(TestNG.java:1140)
	at org.testng.TestNG.run(TestNG.java:1048)
	at org.testng.TestNG.privateMain(TestNG.java:1355)
	at org.testng.TestNG.main(TestNG.java:1324)
</div></td></tr></table><p class="totop"><a href="#summary">back to summary</a></p><h3 id="m22">TestCases.CRM.VacationCreate#ExecutionStatusCheck</h3><table class="result"><tr><th>Exception</th></tr><tr><td><div class="stacktrace">java.lang.Exception: TestCases.CRM.VacationCreate : Execution status is set to &apos;No&apos; in &apos;ExecutionChecker.xls&apos;
	at Operation.ExecutionStatusChecker.executetestcase(ExecutionStatusChecker.java:62)
	at TestCases.CRM.VacationCreate.ExecutionStatusCheck(VacationCreate.java:30)
	at sun.reflect.NativeMethodAccessorImpl.invoke0(Native Method)
	at sun.reflect.NativeMethodAccessorImpl.invoke(Unknown Source)
	at sun.reflect.DelegatingMethodAccessorImpl.invoke(Unknown Source)
	at java.lang.reflect.Method.invoke(Unknown Source)
	at org.testng.internal.MethodInvocationHelper.invokeMethod(MethodInvocationHelper.java:85)
	at org.testng.internal.Invoker.invokeConfigurationMethod(Invoker.java:510)
	at org.testng.internal.Invoker.invokeConfigurations(Invoker.java:211)
	at org.testng.internal.Invoker.invokeConfigurations(Invoker.java:138)
	at org.testng.internal.TestMethodWorker.invokeBeforeClassMethods(TestMethodWorker.java:170)
	at org.testng.internal.TestMethodWorker.run(TestMethodWorker.java:104)
	at org.testng.TestRunner.privateRun(TestRunner.java:774)
	at org.testng.TestRunner.run(TestRunner.java:624)
	at org.testng.SuiteRunner.runTest(SuiteRunner.java:359)
	at org.testng.SuiteRunner.runSequentially(SuiteRunner.java:354)
	at org.testng.SuiteRunner.privateRun(SuiteRunner.java:312)
	at org.testng.SuiteRunner.run(SuiteRunner.java:261)
	at org.testng.SuiteRunnerWorker.runSuite(SuiteRunnerWorker.java:52)
	at org.testng.SuiteRunnerWorker.run(SuiteRunnerWorker.java:86)
	at org.testng.TestNG.runSuitesSequentially(TestNG.java:1215)
	at org.testng.TestNG.runSuitesLocally(TestNG.java:1140)
	at org.testng.TestNG.run(TestNG.java:1048)
	at org.testng.TestNG.privateMain(TestNG.java:1355)
	at org.testng.TestNG.main(TestNG.java:1324)
</div></td></tr></table><p class="totop"><a href="#summary">back to summary</a></p><h3 id="m23">TestCases.Common.ConcurrentLoginSessionCheck#ExecutionStatusCheck</h3><table class="result"><tr><th>Exception</th></tr><tr><td><div class="stacktrace">java.lang.Exception: TestCases.Common.ConcurrentLoginSessionCheck : Execution status is set to &apos;No&apos; in &apos;ExecutionChecker.xls&apos;
	at Operation.ExecutionStatusChecker.executetestcase(ExecutionStatusChecker.java:62)
	at TestCases.Common.ConcurrentLoginSessionCheck.ExecutionStatusCheck(ConcurrentLoginSessionCheck.java:29)
	at sun.reflect.NativeMethodAccessorImpl.invoke0(Native Method)
	at sun.reflect.NativeMethodAccessorImpl.invoke(Unknown Source)
	at sun.reflect.DelegatingMethodAccessorImpl.invoke(Unknown Source)
	at java.lang.reflect.Method.invoke(Unknown Source)
	at org.testng.internal.MethodInvocationHelper.invokeMethod(MethodInvocationHelper.java:85)
	at org.testng.internal.Invoker.invokeConfigurationMethod(Invoker.java:510)
	at org.testng.internal.Invoker.invokeConfigurations(Invoker.java:211)
	at org.testng.internal.Invoker.invokeConfigurations(Invoker.java:138)
	at org.testng.internal.TestMethodWorker.invokeBeforeClassMethods(TestMethodWorker.java:170)
	at org.testng.internal.TestMethodWorker.run(TestMethodWorker.java:104)
	at org.testng.TestRunner.privateRun(TestRunner.java:774)
	at org.testng.TestRunner.run(TestRunner.java:624)
	at org.testng.SuiteRunner.runTest(SuiteRunner.java:359)
	at org.testng.SuiteRunner.runSequentially(SuiteRunner.java:354)
	at org.testng.SuiteRunner.privateRun(SuiteRunner.java:312)
	at org.testng.SuiteRunner.run(SuiteRunner.java:261)
	at org.testng.SuiteRunnerWorker.runSuite(SuiteRunnerWorker.java:52)
	at org.testng.SuiteRunnerWorker.run(SuiteRunnerWorker.java:86)
	at org.testng.TestNG.runSuitesSequentially(TestNG.java:1215)
	at org.testng.TestNG.runSuitesLocally(TestNG.java:1140)
	at org.testng.TestNG.run(TestNG.java:1048)
	at org.testng.TestNG.privateMain(TestNG.java:1355)
	at org.testng.TestNG.main(TestNG.java:1324)
</div></td></tr></table><p class="totop"><a href="#summary">back to summary</a></p><h3 id="m24">TestCases.Common.VerifyStaticLinks#ExecutionStatusCheck</h3><table class="result"><tr><th>Exception</th></tr><tr><td><div class="stacktrace">java.lang.Exception: TestCases.Common.VerifyStaticLinks : Execution status is set to &apos;No&apos; in &apos;ExecutionChecker.xls&apos;
	at Operation.ExecutionStatusChecker.executetestcase(ExecutionStatusChecker.java:62)
	at TestCases.Common.VerifyStaticLinks.ExecutionStatusCheck(VerifyStaticLinks.java:29)
	at sun.reflect.NativeMethodAccessorImpl.invoke0(Native Method)
	at sun.reflect.NativeMethodAccessorImpl.invoke(Unknown Source)
	at sun.reflect.DelegatingMethodAccessorImpl.invoke(Unknown Source)
	at java.lang.reflect.Method.invoke(Unknown Source)
	at org.testng.internal.MethodInvocationHelper.invokeMethod(MethodInvocationHelper.java:85)
	at org.testng.internal.Invoker.invokeConfigurationMethod(Invoker.java:510)
	at org.testng.internal.Invoker.invokeConfigurations(Invoker.java:211)
	at org.testng.internal.Invoker.invokeConfigurations(Invoker.java:138)
	at org.testng.internal.TestMethodWorker.invokeBeforeClassMethods(TestMethodWorker.java:170)
	at org.testng.internal.TestMethodWorker.run(TestMethodWorker.java:104)
	at org.testng.TestRunner.privateRun(TestRunner.java:774)
	at org.testng.TestRunner.run(TestRunner.java:624)
	at org.testng.SuiteRunner.runTest(SuiteRunner.java:359)
	at org.testng.SuiteRunner.runSequentially(SuiteRunner.java:354)
	at org.testng.SuiteRunner.privateRun(SuiteRunner.java:312)
	at org.testng.SuiteRunner.run(SuiteRunner.java:261)
	at org.testng.SuiteRunnerWorker.runSuite(SuiteRunnerWorker.java:52)
	at org.testng.SuiteRunnerWorker.run(SuiteRunnerWorker.java:86)
	at org.testng.TestNG.runSuitesSequentially(TestNG.java:1215)
	at org.testng.TestNG.runSuitesLocally(TestNG.java:1140)
	at org.testng.TestNG.run(TestNG.java:1048)
	at org.testng.TestNG.privateMain(TestNG.java:1355)
	at org.testng.TestNG.main(TestNG.java:1324)
</div></td></tr></table><p class="totop"><a href="#summary">back to summary</a></p><h3 id="m25">TestCases.ERP.CheckDeposit#ExecutionStatusCheck</h3><table class="result"><tr><th>Exception</th></tr><tr><td><div class="stacktrace">java.lang.Exception: TestCases.ERP.CheckDeposit : Execution status is set to &apos;No&apos; in &apos;ExecutionChecker.xls&apos;
	at Operation.ExecutionStatusChecker.executetestcase(ExecutionStatusChecker.java:62)
	at TestCases.ERP.CheckDeposit.ExecutionStatusCheck(CheckDeposit.java:30)
	at sun.reflect.NativeMethodAccessorImpl.invoke0(Native Method)
	at sun.reflect.NativeMethodAccessorImpl.invoke(Unknown Source)
	at sun.reflect.DelegatingMethodAccessorImpl.invoke(Unknown Source)
	at java.lang.reflect.Method.invoke(Unknown Source)
	at org.testng.internal.MethodInvocationHelper.invokeMethod(MethodInvocationHelper.java:85)
	at org.testng.internal.Invoker.invokeConfigurationMethod(Invoker.java:510)
	at org.testng.internal.Invoker.invokeConfigurations(Invoker.java:211)
	at org.testng.internal.Invoker.invokeConfigurations(Invoker.java:138)
	at org.testng.internal.TestMethodWorker.invokeBeforeClassMethods(TestMethodWorker.java:170)
	at org.testng.internal.TestMethodWorker.run(TestMethodWorker.java:104)
	at org.testng.TestRunner.privateRun(TestRunner.java:774)
	at org.testng.TestRunner.run(TestRunner.java:624)
	at org.testng.SuiteRunner.runTest(SuiteRunner.java:359)
	at org.testng.SuiteRunner.runSequentially(SuiteRunner.java:354)
	at org.testng.SuiteRunner.privateRun(SuiteRunner.java:312)
	at org.testng.SuiteRunner.run(SuiteRunner.java:261)
	at org.testng.SuiteRunnerWorker.runSuite(SuiteRunnerWorker.java:52)
	at org.testng.SuiteRunnerWorker.run(SuiteRunnerWorker.java:86)
	at org.testng.TestNG.runSuitesSequentially(TestNG.java:1215)
	at org.testng.TestNG.runSuitesLocally(TestNG.java:1140)
	at org.testng.TestNG.run(TestNG.java:1048)
	at org.testng.TestNG.privateMain(TestNG.java:1355)
	at org.testng.TestNG.main(TestNG.java:1324)
</div></td></tr></table><p class="totop"><a href="#summary">back to summary</a></p><h3 id="m26">TestCases.Magento.AddSubscription#ExecutionStatusCheck</h3><table class="result"><tr><th>Exception</th></tr><tr><td><div class="stacktrace">java.lang.Exception: TestCases.Magento.AddSubscription : Execution status is set to &apos;No&apos; in &apos;ExecutionChecker.xls&apos;
	at Operation.ExecutionStatusChecker.executetestcase(ExecutionStatusChecker.java:62)
	at TestCases.Magento.AddSubscription.ExecutionStatusCheck(AddSubscription.java:30)
	at sun.reflect.NativeMethodAccessorImpl.invoke0(Native Method)
	at sun.reflect.NativeMethodAccessorImpl.invoke(Unknown Source)
	at sun.reflect.DelegatingMethodAccessorImpl.invoke(Unknown Source)
	at java.lang.reflect.Method.invoke(Unknown Source)
	at org.testng.internal.MethodInvocationHelper.invokeMethod(MethodInvocationHelper.java:85)
	at org.testng.internal.Invoker.invokeConfigurationMethod(Invoker.java:510)
	at org.testng.internal.Invoker.invokeConfigurations(Invoker.java:211)
	at org.testng.internal.Invoker.invokeConfigurations(Invoker.java:138)
	at org.testng.internal.TestMethodWorker.invokeBeforeClassMethods(TestMethodWorker.java:170)
	at org.testng.internal.TestMethodWorker.run(TestMethodWorker.java:104)
	at org.testng.TestRunner.privateRun(TestRunner.java:774)
	at org.testng.TestRunner.run(TestRunner.java:624)
	at org.testng.SuiteRunner.runTest(SuiteRunner.java:359)
	at org.testng.SuiteRunner.runSequentially(SuiteRunner.java:354)
	at org.testng.SuiteRunner.privateRun(SuiteRunner.java:312)
	at org.testng.SuiteRunner.run(SuiteRunner.java:261)
	at org.testng.SuiteRunnerWorker.runSuite(SuiteRunnerWorker.java:52)
	at org.testng.SuiteRunnerWorker.run(SuiteRunnerWorker.java:86)
	at org.testng.TestNG.runSuitesSequentially(TestNG.java:1215)
	at org.testng.TestNG.runSuitesLocally(TestNG.java:1140)
	at org.testng.TestNG.run(TestNG.java:1048)
	at org.testng.TestNG.privateMain(TestNG.java:1355)
	at org.testng.TestNG.main(TestNG.java:1324)
</div></td></tr></table><p class="totop"><a href="#summary">back to summary</a></p><h3 id="m27">TestCases.Magento.Customization#ExecutionStatusCheck</h3><table class="result"><tr><th>Exception</th></tr><tr><td><div class="stacktrace">java.lang.Exception: TestCases.Magento.Customization : Execution status is set to &apos;No&apos; in &apos;ExecutionChecker.xls&apos;
	at Operation.ExecutionStatusChecker.executetestcase(ExecutionStatusChecker.java:62)
	at TestCases.Magento.Customization.ExecutionStatusCheck(Customization.java:36)
	at sun.reflect.NativeMethodAccessorImpl.invoke0(Native Method)
	at sun.reflect.NativeMethodAccessorImpl.invoke(Unknown Source)
	at sun.reflect.DelegatingMethodAccessorImpl.invoke(Unknown Source)
	at java.lang.reflect.Method.invoke(Unknown Source)
	at org.testng.internal.MethodInvocationHelper.invokeMethod(MethodInvocationHelper.java:85)
	at org.testng.internal.Invoker.invokeConfigurationMethod(Invoker.java:510)
	at org.testng.internal.Invoker.invokeConfigurations(Invoker.java:211)
	at org.testng.internal.Invoker.invokeConfigurations(Invoker.java:138)
	at org.testng.internal.TestMethodWorker.invokeBeforeClassMethods(TestMethodWorker.java:170)
	at org.testng.internal.TestMethodWorker.run(TestMethodWorker.java:104)
	at org.testng.TestRunner.privateRun(TestRunner.java:774)
	at org.testng.TestRunner.run(TestRunner.java:624)
	at org.testng.SuiteRunner.runTest(SuiteRunner.java:359)
	at org.testng.SuiteRunner.runSequentially(SuiteRunner.java:354)
	at org.testng.SuiteRunner.privateRun(SuiteRunner.java:312)
	at org.testng.SuiteRunner.run(SuiteRunner.java:261)
	at org.testng.SuiteRunnerWorker.runSuite(SuiteRunnerWorker.java:52)
	at org.testng.SuiteRunnerWorker.run(SuiteRunnerWorker.java:86)
	at org.testng.TestNG.runSuitesSequentially(TestNG.java:1215)
	at org.testng.TestNG.runSuitesLocally(TestNG.java:1140)
	at org.testng.TestNG.run(TestNG.java:1048)
	at org.testng.TestNG.privateMain(TestNG.java:1355)
	at org.testng.TestNG.main(TestNG.java:1324)
</div></td></tr></table><p class="totop"><a href="#summary">back to summary</a></p><h3 id="m28">TestCases.Magento.DeleteSubscription#ExecutionStatusCheck</h3><table class="result"><tr><th>Exception</th></tr><tr><td><div class="stacktrace">java.lang.Exception: TestCases.Magento.DeleteSubscription : Execution status is set to &apos;No&apos; in &apos;ExecutionChecker.xls&apos;
	at Operation.ExecutionStatusChecker.executetestcase(ExecutionStatusChecker.java:62)
	at TestCases.Magento.DeleteSubscription.ExecutionStatusCheck(DeleteSubscription.java:37)
	at sun.reflect.NativeMethodAccessorImpl.invoke0(Native Method)
	at sun.reflect.NativeMethodAccessorImpl.invoke(Unknown Source)
	at sun.reflect.DelegatingMethodAccessorImpl.invoke(Unknown Source)
	at java.lang.reflect.Method.invoke(Unknown Source)
	at org.testng.internal.MethodInvocationHelper.invokeMethod(MethodInvocationHelper.java:85)
	at org.testng.internal.Invoker.invokeConfigurationMethod(Invoker.java:510)
	at org.testng.internal.Invoker.invokeConfigurations(Invoker.java:211)
	at org.testng.internal.Invoker.invokeConfigurations(Invoker.java:138)
	at org.testng.internal.TestMethodWorker.invokeBeforeClassMethods(TestMethodWorker.java:170)
	at org.testng.internal.TestMethodWorker.run(TestMethodWorker.java:104)
	at org.testng.TestRunner.privateRun(TestRunner.java:774)
	at org.testng.TestRunner.run(TestRunner.java:624)
	at org.testng.SuiteRunner.runTest(SuiteRunner.java:359)
	at org.testng.SuiteRunner.runSequentially(SuiteRunner.java:354)
	at org.testng.SuiteRunner.privateRun(SuiteRunner.java:312)
	at org.testng.SuiteRunner.run(SuiteRunner.java:261)
	at org.testng.SuiteRunnerWorker.runSuite(SuiteRunnerWorker.java:52)
	at org.testng.SuiteRunnerWorker.run(SuiteRunnerWorker.java:86)
	at org.testng.TestNG.runSuitesSequentially(TestNG.java:1215)
	at org.testng.TestNG.runSuitesLocally(TestNG.java:1140)
	at org.testng.TestNG.run(TestNG.java:1048)
	at org.testng.TestNG.privateMain(TestNG.java:1355)
	at org.testng.TestNG.main(TestNG.java:1324)
</div></td></tr></table><p class="totop"><a href="#summary">back to summary</a></p><h3 id="m29">TestCases.Magento.GuestDonateABox#ExecutionStatusCheck</h3><table class="result"><tr><th>Exception</th></tr><tr><td><div class="stacktrace">java.lang.Exception: TestCases.Magento.GuestDonateABox : Execution status is set to &apos;No&apos; in &apos;ExecutionChecker.xls&apos;
	at Operation.ExecutionStatusChecker.executetestcase(ExecutionStatusChecker.java:62)
	at TestCases.Magento.GuestDonateABox.ExecutionStatusCheck(GuestDonateABox.java:34)
	at sun.reflect.NativeMethodAccessorImpl.invoke0(Native Method)
	at sun.reflect.NativeMethodAccessorImpl.invoke(Unknown Source)
	at sun.reflect.DelegatingMethodAccessorImpl.invoke(Unknown Source)
	at java.lang.reflect.Method.invoke(Unknown Source)
	at org.testng.internal.MethodInvocationHelper.invokeMethod(MethodInvocationHelper.java:85)
	at org.testng.internal.Invoker.invokeConfigurationMethod(Invoker.java:510)
	at org.testng.internal.Invoker.invokeConfigurations(Invoker.java:211)
	at org.testng.internal.Invoker.invokeConfigurations(Invoker.java:138)
	at org.testng.internal.TestMethodWorker.invokeBeforeClassMethods(TestMethodWorker.java:170)
	at org.testng.internal.TestMethodWorker.run(TestMethodWorker.java:104)
	at org.testng.TestRunner.privateRun(TestRunner.java:774)
	at org.testng.TestRunner.run(TestRunner.java:624)
	at org.testng.SuiteRunner.runTest(SuiteRunner.java:359)
	at org.testng.SuiteRunner.runSequentially(SuiteRunner.java:354)
	at org.testng.SuiteRunner.privateRun(SuiteRunner.java:312)
	at org.testng.SuiteRunner.run(SuiteRunner.java:261)
	at org.testng.SuiteRunnerWorker.runSuite(SuiteRunnerWorker.java:52)
	at org.testng.SuiteRunnerWorker.run(SuiteRunnerWorker.java:86)
	at org.testng.TestNG.runSuitesSequentially(TestNG.java:1215)
	at org.testng.TestNG.runSuitesLocally(TestNG.java:1140)
	at org.testng.TestNG.run(TestNG.java:1048)
	at org.testng.TestNG.privateMain(TestNG.java:1355)
	at org.testng.TestNG.main(TestNG.java:1324)
</div></td></tr></table><p class="totop"><a href="#summary">back to summary</a></p><h3 id="m30">TestCases.Magento.GuestGCPurchaseByEmail#ExecutionStatusCheck</h3><table class="result"><tr><th>Exception</th></tr><tr><td><div class="stacktrace">java.lang.Exception: TestCases.Magento.GuestGCPurchaseByEmail : Execution status is set to &apos;No&apos; in &apos;ExecutionChecker.xls&apos;
	at Operation.ExecutionStatusChecker.executetestcase(ExecutionStatusChecker.java:62)
	at TestCases.Magento.GuestGCPurchaseByEmail.ExecutionStatusCheck(GuestGCPurchaseByEmail.java:32)
	at sun.reflect.NativeMethodAccessorImpl.invoke0(Native Method)
	at sun.reflect.NativeMethodAccessorImpl.invoke(Unknown Source)
	at sun.reflect.DelegatingMethodAccessorImpl.invoke(Unknown Source)
	at java.lang.reflect.Method.invoke(Unknown Source)
	at org.testng.internal.MethodInvocationHelper.invokeMethod(MethodInvocationHelper.java:85)
	at org.testng.internal.Invoker.invokeConfigurationMethod(Invoker.java:510)
	at org.testng.internal.Invoker.invokeConfigurations(Invoker.java:211)
	at org.testng.internal.Invoker.invokeConfigurations(Invoker.java:138)
	at org.testng.internal.TestMethodWorker.invokeBeforeClassMethods(TestMethodWorker.java:170)
	at org.testng.internal.TestMethodWorker.run(TestMethodWorker.java:104)
	at org.testng.TestRunner.privateRun(TestRunner.java:774)
	at org.testng.TestRunner.run(TestRunner.java:624)
	at org.testng.SuiteRunner.runTest(SuiteRunner.java:359)
	at org.testng.SuiteRunner.runSequentially(SuiteRunner.java:354)
	at org.testng.SuiteRunner.privateRun(SuiteRunner.java:312)
	at org.testng.SuiteRunner.run(SuiteRunner.java:261)
	at org.testng.SuiteRunnerWorker.runSuite(SuiteRunnerWorker.java:52)
	at org.testng.SuiteRunnerWorker.run(SuiteRunnerWorker.java:86)
	at org.testng.TestNG.runSuitesSequentially(TestNG.java:1215)
	at org.testng.TestNG.runSuitesLocally(TestNG.java:1140)
	at org.testng.TestNG.run(TestNG.java:1048)
	at org.testng.TestNG.privateMain(TestNG.java:1355)
	at org.testng.TestNG.main(TestNG.java:1324)
</div></td></tr></table><p class="totop"><a href="#summary">back to summary</a></p><h3 id="m31">TestCases.Magento.GuestGCPurchaseByHand#ExecutionStatusCheck</h3><table class="result"><tr><th>Exception</th></tr><tr><td><div class="stacktrace">java.lang.Exception: TestCases.Magento.GuestGCPurchaseByHand : Execution status is set to &apos;No&apos; in &apos;ExecutionChecker.xls&apos;
	at Operation.ExecutionStatusChecker.executetestcase(ExecutionStatusChecker.java:62)
	at TestCases.Magento.GuestGCPurchaseByHand.ExecutionStatusCheck(GuestGCPurchaseByHand.java:32)
	at sun.reflect.NativeMethodAccessorImpl.invoke0(Native Method)
	at sun.reflect.NativeMethodAccessorImpl.invoke(Unknown Source)
	at sun.reflect.DelegatingMethodAccessorImpl.invoke(Unknown Source)
	at java.lang.reflect.Method.invoke(Unknown Source)
	at org.testng.internal.MethodInvocationHelper.invokeMethod(MethodInvocationHelper.java:85)
	at org.testng.internal.Invoker.invokeConfigurationMethod(Invoker.java:510)
	at org.testng.internal.Invoker.invokeConfigurations(Invoker.java:211)
	at org.testng.internal.Invoker.invokeConfigurations(Invoker.java:138)
	at org.testng.internal.TestMethodWorker.invokeBeforeClassMethods(TestMethodWorker.java:170)
	at org.testng.internal.TestMethodWorker.run(TestMethodWorker.java:104)
	at org.testng.TestRunner.privateRun(TestRunner.java:774)
	at org.testng.TestRunner.run(TestRunner.java:624)
	at org.testng.SuiteRunner.runTest(SuiteRunner.java:359)
	at org.testng.SuiteRunner.runSequentially(SuiteRunner.java:354)
	at org.testng.SuiteRunner.privateRun(SuiteRunner.java:312)
	at org.testng.SuiteRunner.run(SuiteRunner.java:261)
	at org.testng.SuiteRunnerWorker.runSuite(SuiteRunnerWorker.java:52)
	at org.testng.SuiteRunnerWorker.run(SuiteRunnerWorker.java:86)
	at org.testng.TestNG.runSuitesSequentially(TestNG.java:1215)
	at org.testng.TestNG.runSuitesLocally(TestNG.java:1140)
	at org.testng.TestNG.run(TestNG.java:1048)
	at org.testng.TestNG.privateMain(TestNG.java:1355)
	at org.testng.TestNG.main(TestNG.java:1324)
</div></td></tr></table><p class="totop"><a href="#summary">back to summary</a></p><h3 id="m32">TestCases.Magento.Loginout#ExecutionStatusCheck</h3><table class="result"><tr><th>Exception</th></tr><tr><td><div class="stacktrace">java.lang.Exception: TestCases.Magento.Loginout : Execution status is set to &apos;No&apos; in &apos;ExecutionChecker.xls&apos;
	at Operation.ExecutionStatusChecker.executetestcase(ExecutionStatusChecker.java:62)
	at TestCases.Magento.Loginout.ExecutionStatusCheck(Loginout.java:29)
	at sun.reflect.NativeMethodAccessorImpl.invoke0(Native Method)
	at sun.reflect.NativeMethodAccessorImpl.invoke(Unknown Source)
	at sun.reflect.DelegatingMethodAccessorImpl.invoke(Unknown Source)
	at java.lang.reflect.Method.invoke(Unknown Source)
	at org.testng.internal.MethodInvocationHelper.invokeMethod(MethodInvocationHelper.java:85)
	at org.testng.internal.Invoker.invokeConfigurationMethod(Invoker.java:510)
	at org.testng.internal.Invoker.invokeConfigurations(Invoker.java:211)
	at org.testng.internal.Invoker.invokeConfigurations(Invoker.java:138)
	at org.testng.internal.TestMethodWorker.invokeBeforeClassMethods(TestMethodWorker.java:170)
	at org.testng.internal.TestMethodWorker.run(TestMethodWorker.java:104)
	at org.testng.TestRunner.privateRun(TestRunner.java:774)
	at org.testng.TestRunner.run(TestRunner.java:624)
	at org.testng.SuiteRunner.runTest(SuiteRunner.java:359)
	at org.testng.SuiteRunner.runSequentially(SuiteRunner.java:354)
	at org.testng.SuiteRunner.privateRun(SuiteRunner.java:312)
	at org.testng.SuiteRunner.run(SuiteRunner.java:261)
	at org.testng.SuiteRunnerWorker.runSuite(SuiteRunnerWorker.java:52)
	at org.testng.SuiteRunnerWorker.run(SuiteRunnerWorker.java:86)
	at org.testng.TestNG.runSuitesSequentially(TestNG.java:1215)
	at org.testng.TestNG.runSuitesLocally(TestNG.java:1140)
	at org.testng.TestNG.run(TestNG.java:1048)
	at org.testng.TestNG.privateMain(TestNG.java:1355)
	at org.testng.TestNG.main(TestNG.java:1324)
</div></td></tr></table><p class="totop"><a href="#summary">back to summary</a></p><h3 id="m33">TestCases.Magento.SignupEmailConfirmationCheck#ExecutionStatusCheck</h3><table class="result"><tr><th>Exception</th></tr><tr><td><div class="stacktrace">java.lang.Exception: TestCases.Magento.SignupEmailConfirmationCheck : Execution status is set to &apos;No&apos; in &apos;ExecutionChecker.xls&apos;
	at Operation.ExecutionStatusChecker.executetestcase(ExecutionStatusChecker.java:62)
	at TestCases.Magento.SignupEmailConfirmationCheck.ExecutionStatusCheck(SignupEmailConfirmationCheck.java:29)
	at sun.reflect.NativeMethodAccessorImpl.invoke0(Native Method)
	at sun.reflect.NativeMethodAccessorImpl.invoke(Unknown Source)
	at sun.reflect.DelegatingMethodAccessorImpl.invoke(Unknown Source)
	at java.lang.reflect.Method.invoke(Unknown Source)
	at org.testng.internal.MethodInvocationHelper.invokeMethod(MethodInvocationHelper.java:85)
	at org.testng.internal.Invoker.invokeConfigurationMethod(Invoker.java:510)
	at org.testng.internal.Invoker.invokeConfigurations(Invoker.java:211)
	at org.testng.internal.Invoker.invokeConfigurations(Invoker.java:138)
	at org.testng.internal.TestMethodWorker.invokeBeforeClassMethods(TestMethodWorker.java:170)
	at org.testng.internal.TestMethodWorker.run(TestMethodWorker.java:104)
	at org.testng.TestRunner.privateRun(TestRunner.java:774)
	at org.testng.TestRunner.run(TestRunner.java:624)
	at org.testng.SuiteRunner.runTest(SuiteRunner.java:359)
	at org.testng.SuiteRunner.runSequentially(SuiteRunner.java:354)
	at org.testng.SuiteRunner.privateRun(SuiteRunner.java:312)
	at org.testng.SuiteRunner.run(SuiteRunner.java:261)
	at org.testng.SuiteRunnerWorker.runSuite(SuiteRunnerWorker.java:52)
	at org.testng.SuiteRunnerWorker.run(SuiteRunnerWorker.java:86)
	at org.testng.TestNG.runSuitesSequentially(TestNG.java:1215)
	at org.testng.TestNG.runSuitesLocally(TestNG.java:1140)
	at org.testng.TestNG.run(TestNG.java:1048)
	at org.testng.TestNG.privateMain(TestNG.java:1355)
	at org.testng.TestNG.main(TestNG.java:1324)
</div></td></tr></table><p class="totop"><a href="#summary">back to summary</a></p><h3 id="m34">TestCases.Magento.UpdateBillingInfo#ExecutionStatusCheck</h3><table class="result"><tr><th>Exception</th></tr><tr><td><div class="stacktrace">java.lang.Exception: TestCases.Magento.UpdateBillingInfo : Execution status is set to &apos;No&apos; in &apos;ExecutionChecker.xls&apos;
	at Operation.ExecutionStatusChecker.executetestcase(ExecutionStatusChecker.java:62)
	at TestCases.Magento.UpdateBillingInfo.ExecutionStatusCheck(UpdateBillingInfo.java:29)
	at sun.reflect.NativeMethodAccessorImpl.invoke0(Native Method)
	at sun.reflect.NativeMethodAccessorImpl.invoke(Unknown Source)
	at sun.reflect.DelegatingMethodAccessorImpl.invoke(Unknown Source)
	at java.lang.reflect.Method.invoke(Unknown Source)
	at org.testng.internal.MethodInvocationHelper.invokeMethod(MethodInvocationHelper.java:85)
	at org.testng.internal.Invoker.invokeConfigurationMethod(Invoker.java:510)
	at org.testng.internal.Invoker.invokeConfigurations(Invoker.java:211)
	at org.testng.internal.Invoker.invokeConfigurations(Invoker.java:138)
	at org.testng.internal.TestMethodWorker.invokeBeforeClassMethods(TestMethodWorker.java:170)
	at org.testng.internal.TestMethodWorker.run(TestMethodWorker.java:104)
	at org.testng.TestRunner.privateRun(TestRunner.java:774)
	at org.testng.TestRunner.run(TestRunner.java:624)
	at org.testng.SuiteRunner.runTest(SuiteRunner.java:359)
	at org.testng.SuiteRunner.runSequentially(SuiteRunner.java:354)
	at org.testng.SuiteRunner.privateRun(SuiteRunner.java:312)
	at org.testng.SuiteRunner.run(SuiteRunner.java:261)
	at org.testng.SuiteRunnerWorker.runSuite(SuiteRunnerWorker.java:52)
	at org.testng.SuiteRunnerWorker.run(SuiteRunnerWorker.java:86)
	at org.testng.TestNG.runSuitesSequentially(TestNG.java:1215)
	at org.testng.TestNG.runSuitesLocally(TestNG.java:1140)
	at org.testng.TestNG.run(TestNG.java:1048)
	at org.testng.TestNG.privateMain(TestNG.java:1355)
	at org.testng.TestNG.main(TestNG.java:1324)
</div></td></tr></table><p class="totop"><a href="#summary">back to summary</a></p><h3 id="m35">TestCases.SalesRep.SalesSignup#ExecutionStatusCheck</h3><table class="result"><tr><th>Exception</th></tr><tr><td><div class="stacktrace">java.lang.Exception: TestCases.SalesRep.SalesSignup : Execution status is set to &apos;No&apos; in &apos;ExecutionChecker.xls&apos;
	at Operation.ExecutionStatusChecker.executetestcase(ExecutionStatusChecker.java:62)
	at TestCases.SalesRep.SalesSignup.ExecutionStatusCheck(SalesSignup.java:29)
	at sun.reflect.NativeMethodAccessorImpl.invoke0(Native Method)
	at sun.reflect.NativeMethodAccessorImpl.invoke(Unknown Source)
	at sun.reflect.DelegatingMethodAccessorImpl.invoke(Unknown Source)
	at java.lang.reflect.Method.invoke(Unknown Source)
	at org.testng.internal.MethodInvocationHelper.invokeMethod(MethodInvocationHelper.java:85)
	at org.testng.internal.Invoker.invokeConfigurationMethod(Invoker.java:510)
	at org.testng.internal.Invoker.invokeConfigurations(Invoker.java:211)
	at org.testng.internal.Invoker.invokeConfigurations(Invoker.java:138)
	at org.testng.internal.TestMethodWorker.invokeBeforeClassMethods(TestMethodWorker.java:170)
	at org.testng.internal.TestMethodWorker.run(TestMethodWorker.java:104)
	at org.testng.TestRunner.privateRun(TestRunner.java:774)
	at org.testng.TestRunner.run(TestRunner.java:624)
	at org.testng.SuiteRunner.runTest(SuiteRunner.java:359)
	at org.testng.SuiteRunner.runSequentially(SuiteRunner.java:354)
	at org.testng.SuiteRunner.privateRun(SuiteRunner.java:312)
	at org.testng.SuiteRunner.run(SuiteRunner.java:261)
	at org.testng.SuiteRunnerWorker.runSuite(SuiteRunnerWorker.java:52)
	at org.testng.SuiteRunnerWorker.run(SuiteRunnerWorker.java:86)
	at org.testng.TestNG.runSuitesSequentially(TestNG.java:1215)
	at org.testng.TestNG.runSuitesLocally(TestNG.java:1140)
	at org.testng.TestNG.run(TestNG.java:1048)
	at org.testng.TestNG.privateMain(TestNG.java:1355)
	at org.testng.TestNG.main(TestNG.java:1324)
</div></td></tr></table><p class="totop"><a href="#summary">back to summary</a></p><h3 id="m36">TestCases.SalesRep.UploadTR#ExecutionStatusCheck</h3><table class="result"><tr><th>Exception</th></tr><tr><td><div class="stacktrace">java.lang.Exception: TestCases.SalesRep.UploadTR : Execution status is set to &apos;No&apos; in &apos;ExecutionChecker.xls&apos;
	at Operation.ExecutionStatusChecker.executetestcase(ExecutionStatusChecker.java:62)
	at TestCases.SalesRep.UploadTR.ExecutionStatusCheck(UploadTR.java:31)
	at sun.reflect.NativeMethodAccessorImpl.invoke0(Native Method)
	at sun.reflect.NativeMethodAccessorImpl.invoke(Unknown Source)
	at sun.reflect.DelegatingMethodAccessorImpl.invoke(Unknown Source)
	at java.lang.reflect.Method.invoke(Unknown Source)
	at org.testng.internal.MethodInvocationHelper.invokeMethod(MethodInvocationHelper.java:85)
	at org.testng.internal.Invoker.invokeConfigurationMethod(Invoker.java:510)
	at org.testng.internal.Invoker.invokeConfigurations(Invoker.java:211)
	at org.testng.internal.Invoker.invokeConfigurations(Invoker.java:138)
	at org.testng.internal.TestMethodWorker.invokeBeforeClassMethods(TestMethodWorker.java:170)
	at org.testng.internal.TestMethodWorker.run(TestMethodWorker.java:104)
	at org.testng.TestRunner.privateRun(TestRunner.java:774)
	at org.testng.TestRunner.run(TestRunner.java:624)
	at org.testng.SuiteRunner.runTest(SuiteRunner.java:359)
	at org.testng.SuiteRunner.runSequentially(SuiteRunner.java:354)
	at org.testng.SuiteRunner.privateRun(SuiteRunner.java:312)
	at org.testng.SuiteRunner.run(SuiteRunner.java:261)
	at org.testng.SuiteRunnerWorker.runSuite(SuiteRunnerWorker.java:52)
	at org.testng.SuiteRunnerWorker.run(SuiteRunnerWorker.java:86)
	at org.testng.TestNG.runSuitesSequentially(TestNG.java:1215)
	at org.testng.TestNG.runSuitesLocally(TestNG.java:1140)
	at org.testng.TestNG.run(TestNG.java:1048)
	at org.testng.TestNG.privateMain(TestNG.java:1355)
	at org.testng.TestNG.main(TestNG.java:1324)
</div></td></tr></table><p class="totop"><a href="#summary">back to summary</a></p><h3 id="m37">TestCases.CRM.ACHRefund#testACHRefund</h3><table class="result"></table><p class="totop"><a href="#summary">back to summary</a></p><h3 id="m38">TestCases.CRM.AccountCancellation#testAccountCancellation</h3><table class="result"></table><p class="totop"><a href="#summary">back to summary</a></p><h3 id="m39">TestCases.CRM.CCRefund#testCCRefund</h3><table class="result"></table><p class="totop"><a href="#summary">back to summary</a></p><h3 id="m40">TestCases.CRM.CheckRefund#testCheckRefund</h3><table class="result"></table><p class="totop"><a href="#summary">back to summary</a></p><h3 id="m41">TestCases.CRM.CreateTicket#testCreateTicket</h3><table class="result"></table><p class="totop"><a href="#summary">back to summary</a></p><h3 id="m42">TestCases.CRM.CustomerCredit#testCustomerCredit</h3><table class="result"></table><p class="totop"><a href="#summary">back to summary</a></p><h3 id="m43">TestCases.CRM.DeliveryKeyStatus#testDeliveryKeyStatus</h3><table class="result"></table><p class="totop"><a href="#summary">back to summary</a></p><h3 id="m44">TestCases.CRM.DonationOneTime#testdonateonetime</h3><table class="result"></table><p class="totop"><a href="#summary">back to summary</a></p><h3 id="m45">TestCases.CRM.DonationRecurring#testDonationRecurring</h3><table class="result"></table><p class="totop"><a href="#summary">back to summary</a></p><h3 id="m46">TestCases.CRM.GiftCertificateByEmail#testGiftCertificateByEmail</h3><table class="result"></table><p class="totop"><a href="#summary">back to summary</a></p><h3 id="m47">TestCases.CRM.GiftCertificateByHand#testGiftCertificateByHand</h3><table class="result"></table><p class="totop"><a href="#summary">back to summary</a></p><h3 id="m48">TestCases.CRM.LateCancel#testLateCancel</h3><table class="result"></table><p class="totop"><a href="#summary">back to summary</a></p><h3 id="m49">TestCases.CRM.NSFACH#testNSFACH</h3><table class="result"></table><p class="totop"><a href="#summary">back to summary</a></p><h3 id="m50">TestCases.CRM.NSFCheck#testNSFCheck</h3><table class="result"></table><p class="totop"><a href="#summary">back to summary</a></p><h3 id="m51">TestCases.CRM.OTPACHDecline#testOTPACHDecline</h3><table class="result"></table><p class="totop"><a href="#summary">back to summary</a></p><h3 id="m52">TestCases.CRM.OTPACHSuccess#testOTPACHSuccess</h3><table class="result"></table><p class="totop"><a href="#summary">back to summary</a></p><h3 id="m53">TestCases.CRM.OTPCCDecline#testOTPDecline</h3><table class="result"></table><p class="totop"><a href="#summary">back to summary</a></p><h3 id="m54">TestCases.CRM.OTPCCSuccess#testOTPSuccess</h3><table class="result"></table><p class="totop"><a href="#summary">back to summary</a></p><h3 id="m55">TestCases.CRM.OrderItemCredit#testOrderItemCredit</h3><table class="result"></table><p class="totop"><a href="#summary">back to summary</a></p><h3 id="m56">TestCases.CRM.OrderLevelCredit#testOrderLevelCredit</h3><table class="result"></table><p class="totop"><a href="#summary">back to summary</a></p><h3 id="m57">TestCases.CRM.Reactivation#testReactivation</h3><table class="result"></table><p class="totop"><a href="#summary">back to summary</a></p><h3 id="m58">TestCases.CRM.VacationCancel#testVacationCancel</h3><table class="result"></table><p class="totop"><a href="#summary">back to summary</a></p><h3 id="m59">TestCases.CRM.VacationCreate#testVacationCreate</h3><table class="result"></table><p class="totop"><a href="#summary">back to summary</a></p><h3 id="m60">TestCases.Common.ConcurrentLoginSessionCheck#testConcurrentLoginSessionCheck</h3><table class="result"></table><p class="totop"><a href="#summary">back to summary</a></p><h3 id="m61">TestCases.Common.VerifyStaticLinks#testVerifyStaticLinks</h3><table class="result"></table><p class="totop"><a href="#summary">back to summary</a></p><h3 id="m62">TestCases.ERP.CheckDeposit#testCheckDeposit</h3><table class="result"></table><p class="totop"><a href="#summary">back to summary</a></p><h3 id="m63">TestCases.Magento.AddSubscription#testAddSubscription</h3><table class="result"></table><p class="totop"><a href="#summary">back to summary</a></p><h3 id="m64">TestCases.Magento.Customization#testCustomization</h3><table class="result"></table><p class="totop"><a href="#summary">back to summary</a></p><h3 id="m65">TestCases.Magento.DeleteSubscription#testDeleteSubscription</h3><table class="result"></table><p class="totop"><a href="#summary">back to summary</a></p><h3 id="m66">TestCases.Magento.GuestDonateABox#testGuestDAB</h3><table class="result"></table><p class="totop"><a href="#summary">back to summary</a></p><h3 id="m67">TestCases.Magento.GuestGCPurchaseByEmail#testGuestGCPurchaseByEmail</h3><table class="result"></table><p class="totop"><a href="#summary">back to summary</a></p><h3 id="m68">TestCases.Magento.GuestGCPurchaseByHand#testGuestGCPurchaseByHand</h3><table class="result"></table><p class="totop"><a href="#summary">back to summary</a></p><h3 id="m69">TestCases.Magento.Loginout#testLoginout</h3><table class="result"></table><p class="totop"><a href="#summary">back to summary</a></p><h3 id="m70">TestCases.Magento.SignupEmailConfirmationCheck#testSignupEmailConfirmationCheck</h3><table class="result"></table><p class="totop"><a href="#summary">back to summary</a></p><h3 id="m71">TestCases.Magento.UpdateBillingInfo#testUpdateBillingInfo</h3><table class="result"></table><p class="totop"><a href="#summary">back to summary</a></p><h3 id="m72">TestCases.SalesRep.SalesSignup#testSalesSignup</h3><table class="result"></table><p class="totop"><a href="#summary">back to summary</a></p><h3 id="m73">TestCases.SalesRep.UploadTR#testUploadTR</h3><table class="result"></table><p class="totop"><a href="#summary">back to summary</a></p><h3 id="m74">TestCases.Magento.Signup#testSignup</h3><table class="result"></table><p class="totop"><a href="#summary">back to summary</a></p></body></html>